{"meta": {"format": 3, "version": "7.11.0", "timestamp": "2025-10-16T15:40:01.122983", "branch_coverage": false, "show_contexts": false}, "files": {"src/_pytest/__init__.py": {"executed_lines": [1, 4, 6, 7, 8], "summary": {"covered_lines": 5, "num_statements": 5, "percent_covered": 100.0, "percent_covered_display": "100", "missing_lines": 0, "excluded_lines": 3}, "missing_lines": [], "excluded_lines": [9, 12, 13], "functions": {"": {"executed_lines": [1, 4, 6, 7, 8], "summary": {"covered_lines": 5, "num_statements": 5, "percent_covered": 100.0, "percent_covered_display": "100", "missing_lines": 0, "excluded_lines": 3}, "missing_lines": [], "excluded_lines": [9, 12, 13]}}, "classes": {"": {"executed_lines": [1, 4, 6, 7, 8], "summary": {"covered_lines": 5, "num_statements": 5, "percent_covered": 100.0, "percent_covered_display": "100", "missing_lines": 0, "excluded_lines": 3}, "missing_lines": [], "excluded_lines": [9, 12, 13]}}}, "src/_pytest/_argcomplete.py": {"executed_lines": [1, 65, 67, 68, 69, 70, 71, 74, 75, 77, 80, 102, 114, 115, 117], "summary": {"covered_lines": 13, "num_statements": 36, "percent_covered": 36.111111111111114, "percent_covered_display": "36", "missing_lines": 23, "excluded_lines": 0}, "missing_lines": [78, 82, 83, 85, 86, 87, 88, 90, 91, 92, 93, 94, 95, 96, 98, 99, 103, 104, 105, 106, 107, 109, 110], "excluded_lines": [], "functions": {"FastFilesCompleter.__init__": {"executed_lines": [], "summary": {"covered_lines": 0, "num_statements": 1, "percent_covered": 0.0, "percent_covered_display": "0", "missing_lines": 1, "excluded_lines": 0}, "missing_lines": [78], "excluded_lines": []}, "FastFilesCompleter.__call__": {"executed_lines": [], "summary": {"covered_lines": 0, "num_statements": 15, "percent_covered": 0.0, "percent_covered_display": "0", "missing_lines": 15, "excluded_lines": 0}, "missing_lines": [82, 83, 85, 86, 87, 88, 90, 91, 92, 93, 94, 95, 96, 98, 99], "excluded_lines": []}, "try_argcomplete": {"executed_lines": [], "summary": {"covered_lines": 0, "num_statements": 1, "percent_covered": 0.0, "percent_covered_display": "0", "missing_lines": 1, "excluded_lines": 0}, "missing_lines": [110], "excluded_lines": []}, "": {"executed_lines": [1, 65, 67, 68, 69, 70, 71, 74, 75, 77, 80, 102, 114, 115, 117], "summary": {"covered_lines": 13, "num_statements": 19, "percent_covered": 68.42105263157895, "percent_covered_display": "68", "missing_lines": 6, "excluded_lines": 0}, "missing_lines": [103, 104, 105, 106, 107, 109], "excluded_lines": []}}, "classes": {"FastFilesCompleter": {"executed_lines": [], "summary": {"covered_lines": 0, "num_statements": 16, "percent_covered": 0.0, "percent_covered_display": "0", "missing_lines": 16, "excluded_lines": 0}, "missing_lines": [78, 82, 83, 85, 86, 87, 88, 90, 91, 92, 93, 94, 95, 96, 98, 99], "excluded_lines": []}, "": {"executed_lines": [1, 65, 67, 68, 69, 70, 71, 74, 75, 77, 80, 102, 114, 115, 117], "summary": {"covered_lines": 13, "num_statements": 20, "percent_covered": 65.0, "percent_covered_display": "65", "missing_lines": 7, "excluded_lines": 0}, "missing_lines": [103, 104, 105, 106, 107, 109, 110], "excluded_lines": []}}}, "src/_pytest/_code/__init__.py": {"executed_lines": [1, 3, 5, 6, 7, 8, 9, 10, 11, 12, 13, 16], "summary": {"covered_lines": 11, "num_statements": 11, "percent_covered": 100.0, "percent_covered_display": "100", "missing_lines": 0, "excluded_lines": 0}, "missing_lines": [], "excluded_lines": [], "functions": {"": {"executed_lines": [1, 3, 5, 6, 7, 8, 9, 10, 11, 12, 13, 16], "summary": {"covered_lines": 11, "num_statements": 11, "percent_covered": 100.0, "percent_covered_display": "100", "missing_lines": 0, "excluded_lines": 0}, "missing_lines": [], "excluded_lines": []}}, "classes": {"": {"executed_lines": [1, 3, 5, 6, 7, 8, 9, 10, 11, 12, 13, 16], "summary": {"covered_lines": 11, "num_statements": 11, "percent_covered": 100.0, "percent_covered_display": "100", "missing_lines": 0, "excluded_lines": 0}, "missing_lines": [], "excluded_lines": []}}}, "src/_pytest/_code/code.py": {"executed_lines": [2, 4, 5, 6, 7, 8, 9, 10, 11, 12, 13, 14, 15, 16, 17, 18, 19, 20, 21, 22, 23, 24, 25, 26, 27, 28, 29, 30, 31, 32, 33, 34, 36, 38, 39, 40, 41, 42, 43, 44, 45, 46, 47, 48, 49, 52, 55, 57, 60, 61, 63, 65, 66, 68, 69, 70, 72, 76, 78, 79, 80, 82, 83, 86, 87, 90, 92, 93, 95, 97, 103, 104, 109, 114, 129, 130, 133, 135, 138, 139, 142, 143, 146, 147, 150, 151, 154, 155, 161, 172, 176, 191, 192, 194, 196, 204, 209, 210, 213, 220, 235, 236, 242, 243, 247, 248, 252, 253, 256, 257, 260, 263, 264, 270, 271, 275, 276, 280, 283, 309, 311, 336, 349, 350, 355, 356, 358, 375, 411, 412, 414, 415, 417, 423, 443, 464, 491, 494, 495, 496, 497, 499, 501, 502, 503, 505, 518, 519, 548, 549, 565, 566, 585, 586, 590, 595, 596, 603, 604, 611, 612, 619, 620, 627, 628, 634, 635, 638, 643, 676, 683, 694, 767, 782, 812, 858, 861, 862, 863, 866, 867, 869, 870, 871, 872, 873, 874, 875, 876, 877, 881, 896, 902, 914, 967, 1004, 1021, 1047, 1099, 1109, 1134, 1171, 1221, 1222, 1223, 1231, 1234, 1239, 1240, 1242, 1243, 1244, 1248, 1251, 1257, 1258, 1259, 1261, 1273, 1282, 1283, 1284, 1285, 1287, 1292, 1293, 1294, 1295, 1296, 1298, 1300, 1317, 1318, 1324, 1325, 1326, 1328, 1330, 1334, 1335, 1336, 1337, 1338, 1339, 1340, 1342, 1391, 1413, 1419, 1420, 1421, 1422, 1423, 1425, 1428, 1439, 1440, 1441, 1443, 1448, 1449, 1450, 1452, 1471, 1481, 1482, 1485, 1486, 1502, 1505, 1516, 1518, 1519, 1520, 1523, 1552], "summary": {"covered_lines": 266, "num_statements": 812, "percent_covered": 32.758620689655174, "percent_covered_display": "33", "missing_lines": 546, "excluded_lines": 10}, "missing_lines": [53, 73, 84, 91, 96, 98, 101, 106, 107, 112, 121, 122, 123, 124, 125, 126, 136, 140, 144, 148, 152, 157, 158, 159, 168, 169, 170, 174, 182, 183, 184, 185, 186, 187, 188, 201, 202, 207, 211, 216, 217, 222, 223, 224, 226, 227, 228, 230, 231, 232, 237, 240, 245, 250, 254, 258, 261, 266, 267, 268, 273, 278, 281, 289, 290, 291, 292, 293, 294, 295, 296, 297, 298, 299, 302, 303, 305, 306, 307, 320, 321, 326, 327, 328, 329, 331, 332, 333, 334, 337, 338, 339, 340, 341, 342, 343, 347, 352, 363, 365, 366, 367, 368, 369, 371, 373, 391, 392, 393, 394, 395, 396, 397, 398, 403, 404, 405, 406, 407, 408, 409, 418, 419, 421, 437, 438, 440, 441, 446, 447, 452, 453, 455, 456, 457, 458, 459, 460, 461, 467, 468, 469, 472, 473, 474, 478, 479, 481, 483, 513, 514, 515, 516, 541, 545, 546, 555, 556, 557, 558, 559, 560, 561, 563, 578, 579, 580, 581, 582, 583, 588, 592, 593, 598, 601, 606, 609, 614, 617, 622, 625, 630, 631, 632, 636, 639, 640, 641, 652, 655, 656, 657, 658, 659, 661, 666, 668, 669, 670, 671, 672, 673, 674, 681, 686, 687, 688, 689, 690, 691, 692, 743, 744, 755, 765, 773, 774, 775, 776, 777, 778, 780, 791, 793, 794, 795, 796, 799, 800, 802, 803, 804, 805, 806, 807, 808, 809, 810, 848, 849, 850, 851, 852, 883, 884, 885, 886, 887, 888, 889, 890, 891, 892, 893, 894, 897, 898, 899, 900, 903, 904, 905, 906, 907, 909, 910, 911, 912, 925, 926, 927, 928, 931, 932, 933, 934, 935, 936, 947, 948, 949, 950, 960, 961, 962, 963, 964, 965, 982, 984, 985, 987, 989, 991, 992, 993, 996, 997, 999, 1000, 1001, 1002, 1010, 1011, 1013, 1014, 1015, 1016, 1017, 1018, 1019, 1022, 1023, 1024, 1025, 1026, 1027, 1028, 1029, 1034, 1035, 1037, 1039, 1044, 1045, 1052, 1053, 1058, 1059, 1060, 1061, 1062, 1063, 1065, 1066, 1067, 1068, 1069, 1070, 1071, 1080, 1081, 1082, 1084, 1085, 1086, 1087, 1088, 1089, 1090, 1091, 1092, 1093, 1095, 1096, 1097, 1100, 1101, 1102, 1103, 1104, 1105, 1106, 1107, 1110, 1112, 1113, 1115, 1117, 1118, 1119, 1120, 1121, 1123, 1124, 1125, 1126, 1128, 1132, 1149, 1150, 1151, 1152, 1153, 1161, 1163, 1164, 1165, 1167, 1169, 1172, 1173, 1174, 1175, 1176, 1177, 1178, 1180, 1185, 1187, 1188, 1196, 1197, 1201, 1202, 1203, 1205, 1206, 1207, 1208, 1209, 1212, 1213, 1214, 1216, 1217, 1218, 1226, 1227, 1228, 1229, 1232, 1235, 1249, 1252, 1253, 1254, 1267, 1271, 1274, 1275, 1276, 1277, 1278, 1279, 1288, 1289, 1302, 1303, 1304, 1305, 1306, 1307, 1308, 1311, 1313, 1314, 1319, 1320, 1321, 1331, 1355, 1356, 1358, 1362, 1363, 1364, 1365, 1370, 1371, 1372, 1373, 1374, 1375, 1376, 1377, 1379, 1380, 1382, 1383, 1385, 1388, 1389, 1392, 1393, 1394, 1395, 1396, 1397, 1398, 1400, 1401, 1403, 1405, 1406, 1407, 1408, 1409, 1410, 1411, 1414, 1426, 1431, 1432, 1433, 1434, 1435, 1436, 1444, 1445, 1453, 1454, 1455, 1456, 1457, 1458, 1459, 1460, 1462, 1463, 1465, 1466, 1467, 1468, 1483, 1487, 1488, 1489, 1490, 1491, 1493, 1494, 1495, 1496, 1497, 1498, 1499, 1500, 1507, 1508, 1534, 1535, 1536, 1537, 1541, 1543, 1544, 1545, 1546, 1547, 1549, 1556, 1557, 1558, 1559, 1561], "excluded_lines": [238, 239, 411, 412, 413, 414, 415, 416, 475, 477], "functions": {"Code.__init__": {"executed_lines": [66], "summary": {"covered_lines": 1, "num_statements": 1, "percent_covered": 100.0, "percent_covered_display": "100", "missing_lines": 0, "excluded_lines": 0}, "missing_lines": [], "excluded_lines": []}, "Code.from_function": {"executed_lines": [70], "summary": {"covered_lines": 1, "num_statements": 1, "percent_covered": 100.0, "percent_covered_display": "100", "missing_lines": 0, "excluded_lines": 0}, "missing_lines": [], "excluded_lines": []}, "Code.__eq__": {"executed_lines": [], "summary": {"covered_lines": 0, "num_statements": 1, "percent_covered": 0.0, "percent_covered_display": "0", "missing_lines": 1, "excluded_lines": 0}, "missing_lines": [73], "excluded_lines": []}, "Code.firstlineno": {"executed_lines": [80], "summary": {"covered_lines": 1, "num_statements": 1, "percent_covered": 100.0, "percent_covered_display": "100", "missing_lines": 0, "excluded_lines": 0}, "missing_lines": [], "excluded_lines": []}, "Code.name": {"executed_lines": [], "summary": {"covered_lines": 0, "num_statements": 1, "percent_covered": 0.0, "percent_covered_display": "0", "missing_lines": 1, "excluded_lines": 0}, "missing_lines": [84], "excluded_lines": []}, "Code.path": {"executed_lines": [90, 92, 93, 95, 97], "summary": {"covered_lines": 5, "num_statements": 9, "percent_covered": 55.55555555555556, "percent_covered_display": "56", "missing_lines": 4, "excluded_lines": 0}, "missing_lines": [91, 96, 98, 101], "excluded_lines": []}, "Code.fullsource": {"executed_lines": [], "summary": {"covered_lines": 0, "num_statements": 2, "percent_covered": 0.0, "percent_covered_display": "0", "missing_lines": 2, "excluded_lines": 0}, "missing_lines": [106, 107], "excluded_lines": []}, "Code.source": {"executed_lines": [], "summary": {"covered_lines": 0, "num_statements": 1, "percent_covered": 0.0, "percent_covered_display": "0", "missing_lines": 1, "excluded_lines": 0}, "missing_lines": [112], "excluded_lines": []}, "Code.getargs": {"executed_lines": [], "summary": {"covered_lines": 0, "num_statements": 6, "percent_covered": 0.0, "percent_covered_display": "0", "missing_lines": 6, "excluded_lines": 0}, "missing_lines": [121, 122, 123, 124, 125, 126], "excluded_lines": []}, "Frame.__init__": {"executed_lines": [], "summary": {"covered_lines": 0, "num_statements": 1, "percent_covered": 0.0, "percent_covered_display": "0", "missing_lines": 1, "excluded_lines": 0}, "missing_lines": [136], "excluded_lines": []}, "Frame.lineno": {"executed_lines": [], "summary": {"covered_lines": 0, "num_statements": 1, "percent_covered": 0.0, "percent_covered_display": "0", "missing_lines": 1, "excluded_lines": 0}, "missing_lines": [140], "excluded_lines": []}, "Frame.f_globals": {"executed_lines": [], "summary": {"covered_lines": 0, "num_statements": 1, "percent_covered": 0.0, "percent_covered_display": "0", "missing_lines": 1, "excluded_lines": 0}, "missing_lines": [144], "excluded_lines": []}, "Frame.f_locals": {"executed_lines": [], "summary": {"covered_lines": 0, "num_statements": 1, "percent_covered": 0.0, "percent_covered_display": "0", "missing_lines": 1, "excluded_lines": 0}, "missing_lines": [148], "excluded_lines": []}, "Frame.code": {"executed_lines": [], "summary": {"covered_lines": 0, "num_statements": 1, "percent_covered": 0.0, "percent_covered_display": "0", "missing_lines": 1, "excluded_lines": 0}, "missing_lines": [152], "excluded_lines": []}, "Frame.statement": {"executed_lines": [], "summary": {"covered_lines": 0, "num_statements": 3, "percent_covered": 0.0, "percent_covered_display": "0", "missing_lines": 3, "excluded_lines": 0}, "missing_lines": [157, 158, 159], "excluded_lines": []}, "Frame.eval": {"executed_lines": [], "summary": {"covered_lines": 0, "num_statements": 3, "percent_covered": 0.0, "percent_covered_display": "0", "missing_lines": 3, "excluded_lines": 0}, "missing_lines": [168, 169, 170], "excluded_lines": []}, "Frame.repr": {"executed_lines": [], "summary": {"covered_lines": 0, "num_statements": 1, "percent_covered": 0.0, "percent_covered_display": "0", "missing_lines": 1, "excluded_lines": 0}, "missing_lines": [174], "excluded_lines": []}, "Frame.getargs": {"executed_lines": [], "summary": {"covered_lines": 0, "num_statements": 7, "percent_covered": 0.0, "percent_covered_display": "0", "missing_lines": 7, "excluded_lines": 0}, "missing_lines": [182, 183, 184, 185, 186, 187, 188], "excluded_lines": []}, "TracebackEntry.__init__": {"executed_lines": [], "summary": {"covered_lines": 0, "num_statements": 2, "percent_covered": 0.0, "percent_covered_display": "0", "missing_lines": 2, "excluded_lines": 0}, "missing_lines": [201, 202], "excluded_lines": []}, "TracebackEntry.with_repr_style": {"executed_lines": [], "summary": {"covered_lines": 0, "num_statements": 1, "percent_covered": 0.0, "percent_covered_display": "0", "missing_lines": 1, "excluded_lines": 0}, "missing_lines": [207], "excluded_lines": []}, "TracebackEntry.lineno": {"executed_lines": [], "summary": {"covered_lines": 0, "num_statements": 1, "percent_covered": 0.0, "percent_covered_display": "0", "missing_lines": 1, "excluded_lines": 0}, "missing_lines": [211], "excluded_lines": []}, "TracebackEntry.get_python_framesummary": {"executed_lines": [], "summary": {"covered_lines": 0, "num_statements": 2, "percent_covered": 0.0, "percent_covered_display": "0", "missing_lines": 2, "excluded_lines": 0}, "missing_lines": [216, 217], "excluded_lines": []}, "TracebackEntry.end_lineno_relative": {"executed_lines": [], "summary": {"covered_lines": 0, "num_statements": 1, "percent_covered": 0.0, "percent_covered_display": "0", "missing_lines": 1, "excluded_lines": 0}, "missing_lines": [224], "excluded_lines": []}, "TracebackEntry.colno": {"executed_lines": [], "summary": {"covered_lines": 0, "num_statements": 1, "percent_covered": 0.0, "percent_covered_display": "0", "missing_lines": 1, "excluded_lines": 0}, "missing_lines": [228], "excluded_lines": []}, "TracebackEntry.end_colno": {"executed_lines": [], "summary": {"covered_lines": 0, "num_statements": 1, "percent_covered": 0.0, "percent_covered_display": "0", "missing_lines": 1, "excluded_lines": 0}, "missing_lines": [232], "excluded_lines": []}, "TracebackEntry.frame": {"executed_lines": [], "summary": {"covered_lines": 0, "num_statements": 1, "percent_covered": 0.0, "percent_covered_display": "0", "missing_lines": 1, "excluded_lines": 0}, "missing_lines": [254], "excluded_lines": []}, "TracebackEntry.relline": {"executed_lines": [], "summary": {"covered_lines": 0, "num_statements": 1, "percent_covered": 0.0, "percent_covered_display": "0", "missing_lines": 1, "excluded_lines": 0}, "missing_lines": [258], "excluded_lines": []}, "TracebackEntry.__repr__": {"executed_lines": [], "summary": {"covered_lines": 0, "num_statements": 1, "percent_covered": 0.0, "percent_covered_display": "0", "missing_lines": 1, "excluded_lines": 0}, "missing_lines": [261], "excluded_lines": []}, "TracebackEntry.statement": {"executed_lines": [], "summary": {"covered_lines": 0, "num_statements": 3, "percent_covered": 0.0, "percent_covered_display": "0", "missing_lines": 3, "excluded_lines": 0}, "missing_lines": [266, 267, 268], "excluded_lines": []}, "TracebackEntry.path": {"executed_lines": [], "summary": {"covered_lines": 0, "num_statements": 1, "percent_covered": 0.0, "percent_covered_display": "0", "missing_lines": 1, "excluded_lines": 0}, "missing_lines": [273], "excluded_lines": []}, "TracebackEntry.locals": {"executed_lines": [], "summary": {"covered_lines": 0, "num_statements": 1, "percent_covered": 0.0, "percent_covered_display": "0", "missing_lines": 1, "excluded_lines": 0}, "missing_lines": [278], "excluded_lines": []}, "TracebackEntry.getfirstlinesource": {"executed_lines": [], "summary": {"covered_lines": 0, "num_statements": 1, "percent_covered": 0.0, "percent_covered_display": "0", "missing_lines": 1, "excluded_lines": 0}, "missing_lines": [281], "excluded_lines": []}, "TracebackEntry.getsource": {"executed_lines": [], "summary": {"covered_lines": 0, "num_statements": 16, "percent_covered": 0.0, "percent_covered_display": "0", "missing_lines": 16, "excluded_lines": 0}, "missing_lines": [289, 290, 291, 292, 293, 294, 295, 296, 297, 298, 299, 302, 303, 305, 306, 307], "excluded_lines": []}, "TracebackEntry.ishidden": {"executed_lines": [], "summary": {"covered_lines": 0, "num_statements": 10, "percent_covered": 0.0, "percent_covered_display": "0", "missing_lines": 10, "excluded_lines": 0}, "missing_lines": [320, 321, 326, 327, 328, 329, 331, 332, 333, 334], "excluded_lines": []}, "TracebackEntry.__str__": {"executed_lines": [], "summary": {"covered_lines": 0, "num_statements": 8, "percent_covered": 0.0, "percent_covered_display": "0", "missing_lines": 8, "excluded_lines": 0}, "missing_lines": [337, 338, 339, 340, 341, 342, 343, 347], "excluded_lines": []}, "TracebackEntry.name": {"executed_lines": [], "summary": {"covered_lines": 0, "num_statements": 1, "percent_covered": 0.0, "percent_covered_display": "0", "missing_lines": 1, "excluded_lines": 0}, "missing_lines": [352], "excluded_lines": []}, "Traceback.__init__": {"executed_lines": [], "summary": {"covered_lines": 0, "num_statements": 4, "percent_covered": 0.0, "percent_covered_display": "0", "missing_lines": 4, "excluded_lines": 0}, "missing_lines": [363, 365, 371, 373], "excluded_lines": []}, "Traceback.__init__.f": {"executed_lines": [], "summary": {"covered_lines": 0, "num_statements": 4, "percent_covered": 0.0, "percent_covered_display": "0", "missing_lines": 4, "excluded_lines": 0}, "missing_lines": [366, 367, 368, 369], "excluded_lines": []}, "Traceback.cut": {"executed_lines": [], "summary": {"covered_lines": 0, "num_statements": 15, "percent_covered": 0.0, "percent_covered_display": "0", "missing_lines": 15, "excluded_lines": 0}, "missing_lines": [391, 392, 393, 394, 395, 396, 397, 398, 403, 404, 405, 406, 407, 408, 409], "excluded_lines": []}, "Traceback.__getitem__": {"executed_lines": [], "summary": {"covered_lines": 0, "num_statements": 3, "percent_covered": 0.0, "percent_covered_display": "0", "missing_lines": 3, "excluded_lines": 0}, "missing_lines": [418, 419, 421], "excluded_lines": []}, "Traceback.filter": {"executed_lines": [], "summary": {"covered_lines": 0, "num_statements": 4, "percent_covered": 0.0, "percent_covered_display": "0", "missing_lines": 4, "excluded_lines": 0}, "missing_lines": [437, 438, 440, 441], "excluded_lines": []}, "Traceback.recursionindex": {"executed_lines": [], "summary": {"covered_lines": 0, "num_statements": 11, "percent_covered": 0.0, "percent_covered_display": "0", "missing_lines": 11, "excluded_lines": 0}, "missing_lines": [446, 447, 452, 453, 455, 456, 457, 458, 459, 460, 461], "excluded_lines": []}, "stringify_exception": {"executed_lines": [], "summary": {"covered_lines": 0, "num_statements": 10, "percent_covered": 0.0, "percent_covered_display": "0", "missing_lines": 10, "excluded_lines": 2}, "missing_lines": [467, 468, 469, 472, 473, 474, 478, 479, 481, 483], "excluded_lines": [475, 477]}, "ExceptionInfo.__init__": {"executed_lines": [], "summary": {"covered_lines": 0, "num_statements": 4, "percent_covered": 0.0, "percent_covered_display": "0", "missing_lines": 4, "excluded_lines": 0}, "missing_lines": [513, 514, 515, 516], "excluded_lines": []}, "ExceptionInfo.from_exception": {"executed_lines": [], "summary": {"covered_lines": 0, "num_statements": 3, "percent_covered": 0.0, "percent_covered_display": "0", "missing_lines": 3, "excluded_lines": 0}, "missing_lines": [541, 545, 546], "excluded_lines": []}, "ExceptionInfo.from_exc_info": {"executed_lines": [], "summary": {"covered_lines": 0, "num_statements": 8, "percent_covered": 0.0, "percent_covered_display": "0", "missing_lines": 8, "excluded_lines": 0}, "missing_lines": [555, 556, 557, 558, 559, 560, 561, 563], "excluded_lines": []}, "ExceptionInfo.from_current": {"executed_lines": [], "summary": {"covered_lines": 0, "num_statements": 6, "percent_covered": 0.0, "percent_covered_display": "0", "missing_lines": 6, "excluded_lines": 0}, "missing_lines": [578, 579, 580, 581, 582, 583], "excluded_lines": []}, "ExceptionInfo.for_later": {"executed_lines": [], "summary": {"covered_lines": 0, "num_statements": 1, "percent_covered": 0.0, "percent_covered_display": "0", "missing_lines": 1, "excluded_lines": 0}, "missing_lines": [588], "excluded_lines": []}, "ExceptionInfo.fill_unfilled": {"executed_lines": [], "summary": {"covered_lines": 0, "num_statements": 2, "percent_covered": 0.0, "percent_covered_display": "0", "missing_lines": 2, "excluded_lines": 0}, "missing_lines": [592, 593], "excluded_lines": []}, "ExceptionInfo.type": {"executed_lines": [], "summary": {"covered_lines": 0, "num_statements": 2, "percent_covered": 0.0, "percent_covered_display": "0", "missing_lines": 2, "excluded_lines": 0}, "missing_lines": [598, 601], "excluded_lines": []}, "ExceptionInfo.value": {"executed_lines": [], "summary": {"covered_lines": 0, "num_statements": 2, "percent_covered": 0.0, "percent_covered_display": "0", "missing_lines": 2, "excluded_lines": 0}, "missing_lines": [606, 609], "excluded_lines": []}, "ExceptionInfo.tb": {"executed_lines": [], "summary": {"covered_lines": 0, "num_statements": 2, "percent_covered": 0.0, "percent_covered_display": "0", "missing_lines": 2, "excluded_lines": 0}, "missing_lines": [614, 617], "excluded_lines": []}, "ExceptionInfo.typename": {"executed_lines": [], "summary": {"covered_lines": 0, "num_statements": 2, "percent_covered": 0.0, "percent_covered_display": "0", "missing_lines": 2, "excluded_lines": 0}, "missing_lines": [622, 625], "excluded_lines": []}, "ExceptionInfo.traceback": {"executed_lines": [], "summary": {"covered_lines": 0, "num_statements": 1, "percent_covered": 0.0, "percent_covered_display": "0", "missing_lines": 1, "excluded_lines": 0}, "missing_lines": [636], "excluded_lines": []}, "ExceptionInfo.__repr__": {"executed_lines": [], "summary": {"covered_lines": 0, "num_statements": 3, "percent_covered": 0.0, "percent_covered_display": "0", "missing_lines": 3, "excluded_lines": 0}, "missing_lines": [639, 640, 641], "excluded_lines": []}, "ExceptionInfo.exconly": {"executed_lines": [], "summary": {"covered_lines": 0, "num_statements": 10, "percent_covered": 0.0, "percent_covered_display": "0", "missing_lines": 10, "excluded_lines": 0}, "missing_lines": [652, 661, 666, 668, 669, 670, 671, 672, 673, 674], "excluded_lines": []}, "ExceptionInfo.exconly._get_single_subexc": {"executed_lines": [], "summary": {"covered_lines": 0, "num_statements": 5, "percent_covered": 0.0, "percent_covered_display": "0", "missing_lines": 5, "excluded_lines": 0}, "missing_lines": [655, 656, 657, 658, 659], "excluded_lines": []}, "ExceptionInfo.errisinstance": {"executed_lines": [], "summary": {"covered_lines": 0, "num_statements": 1, "percent_covered": 0.0, "percent_covered_display": "0", "missing_lines": 1, "excluded_lines": 0}, "missing_lines": [681], "excluded_lines": []}, "ExceptionInfo._getreprcrash": {"executed_lines": [], "summary": {"covered_lines": 0, "num_statements": 7, "percent_covered": 0.0, "percent_covered_display": "0", "missing_lines": 7, "excluded_lines": 0}, "missing_lines": [686, 687, 688, 689, 690, 691, 692], "excluded_lines": []}, "ExceptionInfo.getrepr": {"executed_lines": [], "summary": {"covered_lines": 0, "num_statements": 4, "percent_covered": 0.0, "percent_covered_display": "0", "missing_lines": 4, "excluded_lines": 0}, "missing_lines": [743, 744, 755, 765], "excluded_lines": []}, "ExceptionInfo.match": {"executed_lines": [], "summary": {"covered_lines": 0, "num_statements": 7, "percent_covered": 0.0, "percent_covered_display": "0", "missing_lines": 7, "excluded_lines": 0}, "missing_lines": [773, 774, 775, 776, 777, 778, 780], "excluded_lines": []}, "ExceptionInfo._group_contains": {"executed_lines": [], "summary": {"covered_lines": 0, "num_statements": 16, "percent_covered": 0.0, "percent_covered_display": "0", "missing_lines": 16, "excluded_lines": 0}, "missing_lines": [791, 793, 794, 795, 796, 799, 800, 802, 803, 804, 805, 806, 807, 808, 809, 810], "excluded_lines": []}, "ExceptionInfo.group_contains": {"executed_lines": [], "summary": {"covered_lines": 0, "num_statements": 5, "percent_covered": 0.0, "percent_covered_display": "0", "missing_lines": 5, "excluded_lines": 0}, "missing_lines": [848, 849, 850, 851, 852], "excluded_lines": []}, "FormattedExcinfo._getindent": {"executed_lines": [], "summary": {"covered_lines": 0, "num_statements": 12, "percent_covered": 0.0, "percent_covered_display": "0", "missing_lines": 12, "excluded_lines": 0}, "missing_lines": [883, 884, 885, 886, 887, 888, 889, 890, 891, 892, 893, 894], "excluded_lines": []}, "FormattedExcinfo._getentrysource": {"executed_lines": [], "summary": {"covered_lines": 0, "num_statements": 4, "percent_covered": 0.0, "percent_covered_display": "0", "missing_lines": 4, "excluded_lines": 0}, "missing_lines": [897, 898, 899, 900], "excluded_lines": []}, "FormattedExcinfo.repr_args": {"executed_lines": [], "summary": {"covered_lines": 0, "num_statements": 9, "percent_covered": 0.0, "percent_covered_display": "0", "missing_lines": 9, "excluded_lines": 0}, "missing_lines": [903, 904, 905, 906, 907, 909, 910, 911, 912], "excluded_lines": []}, "FormattedExcinfo.get_source": {"executed_lines": [], "summary": {"covered_lines": 0, "num_statements": 20, "percent_covered": 0.0, "percent_covered_display": "0", "missing_lines": 20, "excluded_lines": 0}, "missing_lines": [925, 926, 927, 928, 931, 932, 933, 934, 935, 936, 947, 948, 949, 950, 960, 961, 962, 963, 964, 965], "excluded_lines": []}, "FormattedExcinfo.get_highlight_arrows_for_line": {"executed_lines": [], "summary": {"covered_lines": 0, "num_statements": 14, "percent_covered": 0.0, "percent_covered_display": "0", "missing_lines": 14, "excluded_lines": 0}, "missing_lines": [982, 984, 985, 987, 989, 991, 992, 993, 996, 997, 999, 1000, 1001, 1002], "excluded_lines": []}, "FormattedExcinfo.get_exconly": {"executed_lines": [], "summary": {"covered_lines": 0, "num_statements": 9, "percent_covered": 0.0, "percent_covered_display": "0", "missing_lines": 9, "excluded_lines": 0}, "missing_lines": [1010, 1011, 1013, 1014, 1015, 1016, 1017, 1018, 1019], "excluded_lines": []}, "FormattedExcinfo.repr_locals": {"executed_lines": [], "summary": {"covered_lines": 0, "num_statements": 14, "percent_covered": 0.0, "percent_covered_display": "0", "missing_lines": 14, "excluded_lines": 0}, "missing_lines": [1022, 1023, 1024, 1025, 1026, 1027, 1028, 1029, 1034, 1035, 1037, 1039, 1044, 1045], "excluded_lines": []}, "FormattedExcinfo.repr_traceback_entry": {"executed_lines": [], "summary": {"covered_lines": 0, "num_statements": 31, "percent_covered": 0.0, "percent_covered_display": "0", "missing_lines": 31, "excluded_lines": 0}, "missing_lines": [1052, 1053, 1058, 1059, 1060, 1061, 1062, 1063, 1065, 1066, 1067, 1068, 1069, 1070, 1071, 1080, 1081, 1082, 1084, 1085, 1086, 1087, 1088, 1089, 1090, 1091, 1092, 1093, 1095, 1096, 1097], "excluded_lines": []}, "FormattedExcinfo._makepath": {"executed_lines": [], "summary": {"covered_lines": 0, "num_statements": 8, "percent_covered": 0.0, "percent_covered_display": "0", "missing_lines": 8, "excluded_lines": 0}, "missing_lines": [1100, 1101, 1102, 1103, 1104, 1105, 1106, 1107], "excluded_lines": []}, "FormattedExcinfo.repr_traceback": {"executed_lines": [], "summary": {"covered_lines": 0, "num_statements": 15, "percent_covered": 0.0, "percent_covered_display": "0", "missing_lines": 15, "excluded_lines": 0}, "missing_lines": [1110, 1112, 1113, 1115, 1117, 1118, 1119, 1120, 1121, 1123, 1124, 1125, 1126, 1128, 1132], "excluded_lines": []}, "FormattedExcinfo._truncate_recursive_traceback": {"executed_lines": [], "summary": {"covered_lines": 0, "num_statements": 11, "percent_covered": 0.0, "percent_covered_display": "0", "missing_lines": 11, "excluded_lines": 0}, "missing_lines": [1149, 1150, 1151, 1152, 1153, 1161, 1163, 1164, 1165, 1167, 1169], "excluded_lines": []}, "FormattedExcinfo.repr_excinfo": {"executed_lines": [], "summary": {"covered_lines": 0, "num_statements": 27, "percent_covered": 0.0, "percent_covered_display": "0", "missing_lines": 27, "excluded_lines": 0}, "missing_lines": [1172, 1173, 1174, 1175, 1176, 1177, 1178, 1180, 1185, 1187, 1188, 1196, 1197, 1201, 1202, 1203, 1205, 1206, 1207, 1208, 1209, 1212, 1213, 1214, 1216, 1217, 1218], "excluded_lines": []}, "TerminalRepr.__str__": {"executed_lines": [], "summary": {"covered_lines": 0, "num_statements": 4, "percent_covered": 0.0, "percent_covered_display": "0", "missing_lines": 4, "excluded_lines": 0}, "missing_lines": [1226, 1227, 1228, 1229], "excluded_lines": []}, "TerminalRepr.__repr__": {"executed_lines": [], "summary": {"covered_lines": 0, "num_statements": 1, "percent_covered": 0.0, "percent_covered_display": "0", "missing_lines": 1, "excluded_lines": 0}, "missing_lines": [1232], "excluded_lines": []}, "TerminalRepr.toterminal": {"executed_lines": [], "summary": {"covered_lines": 0, "num_statements": 1, "percent_covered": 0.0, "percent_covered_display": "0", "missing_lines": 1, "excluded_lines": 0}, "missing_lines": [1235], "excluded_lines": []}, "ExceptionRepr.addsection": {"executed_lines": [], "summary": {"covered_lines": 0, "num_statements": 1, "percent_covered": 0.0, "percent_covered_display": "0", "missing_lines": 1, "excluded_lines": 0}, "missing_lines": [1249], "excluded_lines": []}, "ExceptionRepr.toterminal": {"executed_lines": [], "summary": {"covered_lines": 0, "num_statements": 3, "percent_covered": 0.0, "percent_covered_display": "0", "missing_lines": 3, "excluded_lines": 0}, "missing_lines": [1252, 1253, 1254], "excluded_lines": []}, "ExceptionChainRepr.__init__": {"executed_lines": [], "summary": {"covered_lines": 0, "num_statements": 2, "percent_covered": 0.0, "percent_covered_display": "0", "missing_lines": 2, "excluded_lines": 0}, "missing_lines": [1267, 1271], "excluded_lines": []}, "ExceptionChainRepr.toterminal": {"executed_lines": [], "summary": {"covered_lines": 0, "num_statements": 6, "percent_covered": 0.0, "percent_covered_display": "0", "missing_lines": 6, "excluded_lines": 0}, "missing_lines": [1274, 1275, 1276, 1277, 1278, 1279], "excluded_lines": []}, "ReprExceptionInfo.toterminal": {"executed_lines": [], "summary": {"covered_lines": 0, "num_statements": 2, "percent_covered": 0.0, "percent_covered_display": "0", "missing_lines": 2, "excluded_lines": 0}, "missing_lines": [1288, 1289], "excluded_lines": []}, "ReprTraceback.toterminal": {"executed_lines": [], "summary": {"covered_lines": 0, "num_statements": 10, "percent_covered": 0.0, "percent_covered_display": "0", "missing_lines": 10, "excluded_lines": 0}, "missing_lines": [1302, 1303, 1304, 1305, 1306, 1307, 1308, 1311, 1313, 1314], "excluded_lines": []}, "ReprTracebackNative.__init__": {"executed_lines": [], "summary": {"covered_lines": 0, "num_statements": 3, "percent_covered": 0.0, "percent_covered_display": "0", "missing_lines": 3, "excluded_lines": 0}, "missing_lines": [1319, 1320, 1321], "excluded_lines": []}, "ReprEntryNative.toterminal": {"executed_lines": [], "summary": {"covered_lines": 0, "num_statements": 1, "percent_covered": 0.0, "percent_covered_display": "0", "missing_lines": 1, "excluded_lines": 0}, "missing_lines": [1331], "excluded_lines": []}, "ReprEntry._write_entry_lines": {"executed_lines": [], "summary": {"covered_lines": 0, "num_statements": 22, "percent_covered": 0.0, "percent_covered_display": "0", "missing_lines": 22, "excluded_lines": 0}, "missing_lines": [1355, 1356, 1358, 1362, 1363, 1364, 1365, 1370, 1371, 1372, 1373, 1374, 1375, 1376, 1377, 1379, 1380, 1382, 1383, 1385, 1388, 1389], "excluded_lines": []}, "ReprEntry.toterminal": {"executed_lines": [], "summary": {"covered_lines": 0, "num_statements": 17, "percent_covered": 0.0, "percent_covered_display": "0", "missing_lines": 17, "excluded_lines": 0}, "missing_lines": [1392, 1393, 1394, 1395, 1396, 1397, 1398, 1400, 1401, 1403, 1405, 1406, 1407, 1408, 1409, 1410, 1411], "excluded_lines": []}, "ReprEntry.__str__": {"executed_lines": [], "summary": {"covered_lines": 0, "num_statements": 1, "percent_covered": 0.0, "percent_covered_display": "0", "missing_lines": 1, "excluded_lines": 0}, "missing_lines": [1414], "excluded_lines": []}, "ReprFileLocation.__post_init__": {"executed_lines": [], "summary": {"covered_lines": 0, "num_statements": 1, "percent_covered": 0.0, "percent_covered_display": "0", "missing_lines": 1, "excluded_lines": 0}, "missing_lines": [1426], "excluded_lines": []}, "ReprFileLocation.toterminal": {"executed_lines": [], "summary": {"covered_lines": 0, "num_statements": 6, "percent_covered": 0.0, "percent_covered_display": "0", "missing_lines": 6, "excluded_lines": 0}, "missing_lines": [1431, 1432, 1433, 1434, 1435, 1436], "excluded_lines": []}, "ReprLocals.toterminal": {"executed_lines": [], "summary": {"covered_lines": 0, "num_statements": 2, "percent_covered": 0.0, "percent_covered_display": "0", "missing_lines": 2, "excluded_lines": 0}, "missing_lines": [1444, 1445], "excluded_lines": []}, "ReprFuncArgs.toterminal": {"executed_lines": [], "summary": {"covered_lines": 0, "num_statements": 14, "percent_covered": 0.0, "percent_covered_display": "0", "missing_lines": 14, "excluded_lines": 0}, "missing_lines": [1453, 1454, 1455, 1456, 1457, 1458, 1459, 1460, 1462, 1463, 1465, 1466, 1467, 1468], "excluded_lines": []}, "getfslineno": {"executed_lines": [1481, 1482, 1485, 1486, 1502], "summary": {"covered_lines": 5, "num_statements": 19, "percent_covered": 26.31578947368421, "percent_covered_display": "26", "missing_lines": 14, "excluded_lines": 0}, "missing_lines": [1483, 1487, 1488, 1489, 1490, 1491, 1493, 1494, 1495, 1496, 1497, 1498, 1499, 1500], "excluded_lines": []}, "_byte_offset_to_character_offset": {"executed_lines": [], "summary": {"covered_lines": 0, "num_statements": 2, "percent_covered": 0.0, "percent_covered_display": "0", "missing_lines": 2, "excluded_lines": 0}, "missing_lines": [1507, 1508], "excluded_lines": []}, "filter_traceback": {"executed_lines": [], "summary": {"covered_lines": 0, "num_statements": 11, "percent_covered": 0.0, "percent_covered_display": "0", "missing_lines": 11, "excluded_lines": 0}, "missing_lines": [1534, 1535, 1536, 1537, 1541, 1543, 1544, 1545, 1546, 1547, 1549], "excluded_lines": []}, "filter_excinfo_traceback": {"executed_lines": [], "summary": {"covered_lines": 0, "num_statements": 5, "percent_covered": 0.0, "percent_covered_display": "0", "missing_lines": 5, "excluded_lines": 0}, "missing_lines": [1556, 1557, 1558, 1559, 1561], "excluded_lines": []}, "": {"executed_lines": [2, 4, 5, 6, 7, 8, 9, 10, 11, 12, 13, 14, 15, 16, 17, 18, 19, 20, 21, 22, 23, 24, 25, 26, 27, 28, 29, 30, 31, 32, 33, 34, 36, 38, 39, 40, 41, 42, 43, 44, 45, 46, 47, 48, 49, 52, 55, 57, 60, 61, 63, 65, 68, 69, 72, 76, 78, 79, 82, 83, 86, 87, 103, 104, 109, 114, 129, 130, 133, 135, 138, 139, 142, 143, 146, 147, 150, 151, 154, 155, 161, 172, 176, 191, 192, 194, 196, 204, 209, 210, 213, 220, 235, 236, 242, 243, 247, 248, 252, 253, 256, 257, 260, 263, 264, 270, 271, 275, 276, 280, 283, 309, 311, 336, 349, 350, 355, 356, 358, 375, 411, 414, 417, 423, 443, 464, 491, 494, 495, 496, 497, 499, 501, 502, 503, 505, 518, 519, 548, 549, 565, 566, 585, 586, 590, 595, 596, 603, 604, 611, 612, 619, 620, 627, 628, 634, 635, 638, 643, 676, 683, 694, 767, 782, 812, 858, 861, 862, 863, 866, 867, 869, 870, 871, 872, 873, 874, 875, 876, 877, 881, 896, 902, 914, 967, 1004, 1021, 1047, 1099, 1109, 1134, 1171, 1221, 1222, 1223, 1231, 1234, 1239, 1240, 1242, 1243, 1244, 1248, 1251, 1257, 1258, 1259, 1261, 1273, 1282, 1283, 1284, 1285, 1287, 1292, 1293, 1294, 1295, 1296, 1298, 1300, 1317, 1318, 1324, 1325, 1326, 1328, 1330, 1334, 1335, 1336, 1337, 1338, 1339, 1340, 1342, 1391, 1413, 1419, 1420, 1421, 1422, 1423, 1425, 1428, 1439, 1440, 1441, 1443, 1448, 1449, 1450, 1452, 1471, 1505, 1516, 1518, 1519, 1520, 1523, 1552], "summary": {"covered_lines": 253, "num_statements": 264, "percent_covered": 95.83333333333333, "percent_covered_display": "96", "missing_lines": 11, "excluded_lines": 6}, "missing_lines": [53, 222, 223, 226, 227, 230, 231, 237, 240, 245, 250], "excluded_lines": [238, 239, 411, 413, 414, 416]}}, "classes": {"Code": {"executed_lines": [66, 70, 80, 90, 92, 93, 95, 97], "summary": {"covered_lines": 8, "num_statements": 23, "percent_covered": 34.78260869565217, "percent_covered_display": "35", "missing_lines": 15, "excluded_lines": 0}, "missing_lines": [73, 84, 91, 96, 98, 101, 106, 107, 112, 121, 122, 123, 124, 125, 126], "excluded_lines": []}, "Frame": {"executed_lines": [], "summary": {"covered_lines": 0, "num_statements": 19, "percent_covered": 0.0, "percent_covered_display": "0", "missing_lines": 19, "excluded_lines": 0}, "missing_lines": [136, 140, 144, 148, 152, 157, 158, 159, 168, 169, 170, 174, 182, 183, 184, 185, 186, 187, 188], "excluded_lines": []}, "TracebackEntry": {"executed_lines": [], "summary": {"covered_lines": 0, "num_statements": 53, "percent_covered": 0.0, "percent_covered_display": "0", "missing_lines": 53, "excluded_lines": 0}, "missing_lines": [201, 202, 207, 211, 216, 217, 224, 228, 232, 254, 258, 261, 266, 267, 268, 273, 278, 281, 289, 290, 291, 292, 293, 294, 295, 296, 297, 298, 299, 302, 303, 305, 306, 307, 320, 321, 326, 327, 328, 329, 331, 332, 333, 334, 337, 338, 339, 340, 341, 342, 343, 347, 352], "excluded_lines": []}, "Traceback": {"executed_lines": [412, 415], "summary": {"covered_lines": 0, "num_statements": 41, "percent_covered": 0.0, "percent_covered_display": "0", "missing_lines": 41, "excluded_lines": 2}, "missing_lines": [363, 365, 366, 367, 368, 369, 371, 373, 391, 392, 393, 394, 395, 396, 397, 398, 403, 404, 405, 406, 407, 408, 409, 418, 419, 421, 437, 438, 440, 441, 446, 447, 452, 453, 455, 456, 457, 458, 459, 460, 461], "excluded_lines": [412, 415]}, "ExceptionInfo": {"executed_lines": [], "summary": {"covered_lines": 0, "num_statements": 94, "percent_covered": 0.0, "percent_covered_display": "0", "missing_lines": 94, "excluded_lines": 0}, "missing_lines": [513, 514, 515, 516, 541, 545, 546, 555, 556, 557, 558, 559, 560, 561, 563, 578, 579, 580, 581, 582, 583, 588, 592, 593, 598, 601, 606, 609, 614, 617, 622, 625, 630, 631, 632, 636, 639, 640, 641, 652, 655, 656, 657, 658, 659, 661, 666, 668, 669, 670, 671, 672, 673, 674, 681, 686, 687, 688, 689, 690, 691, 692, 743, 744, 755, 765, 773, 774, 775, 776, 777, 778, 780, 791, 793, 794, 795, 796, 799, 800, 802, 803, 804, 805, 806, 807, 808, 809, 810, 848, 849, 850, 851, 852], "excluded_lines": []}, "FormattedExcinfo": {"executed_lines": [], "summary": {"covered_lines": 0, "num_statements": 174, "percent_covered": 0.0, "percent_covered_display": "0", "missing_lines": 174, "excluded_lines": 0}, "missing_lines": [883, 884, 885, 886, 887, 888, 889, 890, 891, 892, 893, 894, 897, 898, 899, 900, 903, 904, 905, 906, 907, 909, 910, 911, 912, 925, 926, 927, 928, 931, 932, 933, 934, 935, 936, 947, 948, 949, 950, 960, 961, 962, 963, 964, 965, 982, 984, 985, 987, 989, 991, 992, 993, 996, 997, 999, 1000, 1001, 1002, 1010, 1011, 1013, 1014, 1015, 1016, 1017, 1018, 1019, 1022, 1023, 1024, 1025, 1026, 1027, 1028, 1029, 1034, 1035, 1037, 1039, 1044, 1045, 1052, 1053, 1058, 1059, 1060, 1061, 1062, 1063, 1065, 1066, 1067, 1068, 1069, 1070, 1071, 1080, 1081, 1082, 1084, 1085, 1086, 1087, 1088, 1089, 1090, 1091, 1092, 1093, 1095, 1096, 1097, 1100, 1101, 1102, 1103, 1104, 1105, 1106, 1107, 1110, 1112, 1113, 1115, 1117, 1118, 1119, 1120, 1121, 1123, 1124, 1125, 1126, 1128, 1132, 1149, 1150, 1151, 1152, 1153, 1161, 1163, 1164, 1165, 1167, 1169, 1172, 1173, 1174, 1175, 1176, 1177, 1178, 1180, 1185, 1187, 1188, 1196, 1197, 1201, 1202, 1203, 1205, 1206, 1207, 1208, 1209, 1212, 1213, 1214, 1216, 1217, 1218], "excluded_lines": []}, "TerminalRepr": {"executed_lines": [], "summary": {"covered_lines": 0, "num_statements": 6, "percent_covered": 0.0, "percent_covered_display": "0", "missing_lines": 6, "excluded_lines": 0}, "missing_lines": [1226, 1227, 1228, 1229, 1232, 1235], "excluded_lines": []}, "ExceptionRepr": {"executed_lines": [], "summary": {"covered_lines": 0, "num_statements": 4, "percent_covered": 0.0, "percent_covered_display": "0", "missing_lines": 4, "excluded_lines": 0}, "missing_lines": [1249, 1252, 1253, 1254], "excluded_lines": []}, "ExceptionChainRepr": {"executed_lines": [], "summary": {"covered_lines": 0, "num_statements": 8, "percent_covered": 0.0, "percent_covered_display": "0", "missing_lines": 8, "excluded_lines": 0}, "missing_lines": [1267, 1271, 1274, 1275, 1276, 1277, 1278, 1279], "excluded_lines": []}, "ReprExceptionInfo": {"executed_lines": [], "summary": {"covered_lines": 0, "num_statements": 2, "percent_covered": 0.0, "percent_covered_display": "0", "missing_lines": 2, "excluded_lines": 0}, "missing_lines": [1288, 1289], "excluded_lines": []}, "ReprTraceback": {"executed_lines": [], "summary": {"covered_lines": 0, "num_statements": 10, "percent_covered": 0.0, "percent_covered_display": "0", "missing_lines": 10, "excluded_lines": 0}, "missing_lines": [1302, 1303, 1304, 1305, 1306, 1307, 1308, 1311, 1313, 1314], "excluded_lines": []}, "ReprTracebackNative": {"executed_lines": [], "summary": {"covered_lines": 0, "num_statements": 3, "percent_covered": 0.0, "percent_covered_display": "0", "missing_lines": 3, "excluded_lines": 0}, "missing_lines": [1319, 1320, 1321], "excluded_lines": []}, "ReprEntryNative": {"executed_lines": [], "summary": {"covered_lines": 0, "num_statements": 1, "percent_covered": 0.0, "percent_covered_display": "0", "missing_lines": 1, "excluded_lines": 0}, "missing_lines": [1331], "excluded_lines": []}, "ReprEntry": {"executed_lines": [], "summary": {"covered_lines": 0, "num_statements": 40, "percent_covered": 0.0, "percent_covered_display": "0", "missing_lines": 40, "excluded_lines": 0}, "missing_lines": [1355, 1356, 1358, 1362, 1363, 1364, 1365, 1370, 1371, 1372, 1373, 1374, 1375, 1376, 1377, 1379, 1380, 1382, 1383, 1385, 1388, 1389, 1392, 1393, 1394, 1395, 1396, 1397, 1398, 1400, 1401, 1403, 1405, 1406, 1407, 1408, 1409, 1410, 1411, 1414], "excluded_lines": []}, "ReprFileLocation": {"executed_lines": [], "summary": {"covered_lines": 0, "num_statements": 7, "percent_covered": 0.0, "percent_covered_display": "0", "missing_lines": 7, "excluded_lines": 0}, "missing_lines": [1426, 1431, 1432, 1433, 1434, 1435, 1436], "excluded_lines": []}, "ReprLocals": {"executed_lines": [], "summary": {"covered_lines": 0, "num_statements": 2, "percent_covered": 0.0, "percent_covered_display": "0", "missing_lines": 2, "excluded_lines": 0}, "missing_lines": [1444, 1445], "excluded_lines": []}, "ReprFuncArgs": {"executed_lines": [], "summary": {"covered_lines": 0, "num_statements": 14, "percent_covered": 0.0, "percent_covered_display": "0", "missing_lines": 14, "excluded_lines": 0}, "missing_lines": [1453, 1454, 1455, 1456, 1457, 1458, 1459, 1460, 1462, 1463, 1465, 1466, 1467, 1468], "excluded_lines": []}, "": {"executed_lines": [2, 4, 5, 6, 7, 8, 9, 10, 11, 12, 13, 14, 15, 16, 17, 18, 19, 20, 21, 22, 23, 24, 25, 26, 27, 28, 29, 30, 31, 32, 33, 34, 36, 38, 39, 40, 41, 42, 43, 44, 45, 46, 47, 48, 49, 52, 55, 57, 60, 61, 63, 65, 68, 69, 72, 76, 78, 79, 82, 83, 86, 87, 103, 104, 109, 114, 129, 130, 133, 135, 138, 139, 142, 143, 146, 147, 150, 151, 154, 155, 161, 172, 176, 191, 192, 194, 196, 204, 209, 210, 213, 220, 235, 236, 242, 243, 247, 248, 252, 253, 256, 257, 260, 263, 264, 270, 271, 275, 276, 280, 283, 309, 311, 336, 349, 350, 355, 356, 358, 375, 411, 414, 417, 423, 443, 464, 491, 494, 495, 496, 497, 499, 501, 502, 503, 505, 518, 519, 548, 549, 565, 566, 585, 586, 590, 595, 596, 603, 604, 611, 612, 619, 620, 627, 628, 634, 635, 638, 643, 676, 683, 694, 767, 782, 812, 858, 861, 862, 863, 866, 867, 869, 870, 871, 872, 873, 874, 875, 876, 877, 881, 896, 902, 914, 967, 1004, 1021, 1047, 1099, 1109, 1134, 1171, 1221, 1222, 1223, 1231, 1234, 1239, 1240, 1242, 1243, 1244, 1248, 1251, 1257, 1258, 1259, 1261, 1273, 1282, 1283, 1284, 1285, 1287, 1292, 1293, 1294, 1295, 1296, 1298, 1300, 1317, 1318, 1324, 1325, 1326, 1328, 1330, 1334, 1335, 1336, 1337, 1338, 1339, 1340, 1342, 1391, 1413, 1419, 1420, 1421, 1422, 1423, 1425, 1428, 1439, 1440, 1441, 1443, 1448, 1449, 1450, 1452, 1471, 1481, 1482, 1485, 1486, 1502, 1505, 1516, 1518, 1519, 1520, 1523, 1552], "summary": {"covered_lines": 258, "num_statements": 311, "percent_covered": 82.95819935691318, "percent_covered_display": "83", "missing_lines": 53, "excluded_lines": 8}, "missing_lines": [53, 222, 223, 226, 227, 230, 231, 237, 240, 245, 250, 467, 468, 469, 472, 473, 474, 478, 479, 481, 483, 1483, 1487, 1488, 1489, 1490, 1491, 1493, 1494, 1495, 1496, 1497, 1498, 1499, 1500, 1507, 1508, 1534, 1535, 1536, 1537, 1541, 1543, 1544, 1545, 1546, 1547, 1549, 1556, 1557, 1558, 1559, 1561], "excluded_lines": [238, 239, 411, 413, 414, 416, 475, 477]}}}, "src/_pytest/_code/source.py": {"executed_lines": [2, 4, 5, 6, 7, 8, 9, 10, 11, 12, 13, 16, 17, 22, 44, 50, 52, 53, 55, 56, 58, 69, 72, 75, 87, 95, 101, 109, 116, 125, 136, 138, 139, 149, 153, 179], "summary": {"covered_lines": 31, "num_statements": 146, "percent_covered": 21.232876712328768, "percent_covered_display": "21", "missing_lines": 115, "excluded_lines": 6}, "missing_lines": [23, 24, 25, 26, 27, 28, 29, 30, 31, 32, 33, 34, 36, 37, 38, 39, 40, 41, 42, 45, 46, 47, 59, 60, 62, 63, 64, 65, 66, 67, 70, 73, 77, 78, 79, 80, 81, 82, 83, 84, 85, 90, 91, 92, 93, 98, 99, 104, 105, 106, 107, 111, 112, 113, 114, 117, 126, 127, 128, 129, 130, 131, 132, 133, 140, 141, 142, 143, 144, 145, 146, 150, 156, 157, 158, 160, 161, 162, 163, 164, 165, 166, 168, 169, 170, 171, 172, 173, 175, 176, 185, 186, 189, 190, 191, 193, 198, 199, 201, 204, 206, 209, 210, 211, 212, 213, 214, 215, 216, 219, 220, 221, 222, 224, 225], "excluded_lines": [52, 53, 54, 55, 56, 57], "functions": {"Source.__init__": {"executed_lines": [], "summary": {"covered_lines": 0, "num_statements": 19, "percent_covered": 0.0, "percent_covered_display": "0", "missing_lines": 19, "excluded_lines": 0}, "missing_lines": [23, 24, 25, 26, 27, 28, 29, 30, 31, 32, 33, 34, 36, 37, 38, 39, 40, 41, 42], "excluded_lines": []}, "Source.__eq__": {"executed_lines": [], "summary": {"covered_lines": 0, "num_statements": 3, "percent_covered": 0.0, "percent_covered_display": "0", "missing_lines": 3, "excluded_lines": 0}, "missing_lines": [45, 46, 47], "excluded_lines": []}, "Source.__getitem__": {"executed_lines": [], "summary": {"covered_lines": 0, "num_statements": 8, "percent_covered": 0.0, "percent_covered_display": "0", "missing_lines": 8, "excluded_lines": 0}, "missing_lines": [59, 60, 62, 63, 64, 65, 66, 67], "excluded_lines": []}, "Source.__iter__": {"executed_lines": [], "summary": {"covered_lines": 0, "num_statements": 1, "percent_covered": 0.0, "percent_covered_display": "0", "missing_lines": 1, "excluded_lines": 0}, "missing_lines": [70], "excluded_lines": []}, "Source.__len__": {"executed_lines": [], "summary": {"covered_lines": 0, "num_statements": 1, "percent_covered": 0.0, "percent_covered_display": "0", "missing_lines": 1, "excluded_lines": 0}, "missing_lines": [73], "excluded_lines": []}, "Source.strip": {"executed_lines": [], "summary": {"covered_lines": 0, "num_statements": 9, "percent_covered": 0.0, "percent_covered_display": "0", "missing_lines": 9, "excluded_lines": 0}, "missing_lines": [77, 78, 79, 80, 81, 82, 83, 84, 85], "excluded_lines": []}, "Source.indent": {"executed_lines": [], "summary": {"covered_lines": 0, "num_statements": 4, "percent_covered": 0.0, "percent_covered_display": "0", "missing_lines": 4, "excluded_lines": 0}, "missing_lines": [90, 91, 92, 93], "excluded_lines": []}, "Source.getstatement": {"executed_lines": [], "summary": {"covered_lines": 0, "num_statements": 2, "percent_covered": 0.0, "percent_covered_display": "0", "missing_lines": 2, "excluded_lines": 0}, "missing_lines": [98, 99], "excluded_lines": []}, "Source.getstatementrange": {"executed_lines": [], "summary": {"covered_lines": 0, "num_statements": 4, "percent_covered": 0.0, "percent_covered_display": "0", "missing_lines": 4, "excluded_lines": 0}, "missing_lines": [104, 105, 106, 107], "excluded_lines": []}, "Source.deindent": {"executed_lines": [], "summary": {"covered_lines": 0, "num_statements": 4, "percent_covered": 0.0, "percent_covered_display": "0", "missing_lines": 4, "excluded_lines": 0}, "missing_lines": [111, 112, 113, 114], "excluded_lines": []}, "Source.__str__": {"executed_lines": [], "summary": {"covered_lines": 0, "num_statements": 1, "percent_covered": 0.0, "percent_covered_display": "0", "missing_lines": 1, "excluded_lines": 0}, "missing_lines": [117], "excluded_lines": []}, "findsource": {"executed_lines": [], "summary": {"covered_lines": 0, "num_statements": 8, "percent_covered": 0.0, "percent_covered_display": "0", "missing_lines": 8, "excluded_lines": 0}, "missing_lines": [126, 127, 128, 129, 130, 131, 132, 133], "excluded_lines": []}, "getrawcode": {"executed_lines": [138, 139], "summary": {"covered_lines": 2, "num_statements": 9, "percent_covered": 22.22222222222222, "percent_covered_display": "22", "missing_lines": 7, "excluded_lines": 0}, "missing_lines": [140, 141, 142, 143, 144, 145, 146], "excluded_lines": []}, "deindent": {"executed_lines": [], "summary": {"covered_lines": 0, "num_statements": 1, "percent_covered": 0.0, "percent_covered_display": "0", "missing_lines": 1, "excluded_lines": 0}, "missing_lines": [150], "excluded_lines": []}, "get_statement_startend2": {"executed_lines": [], "summary": {"covered_lines": 0, "num_statements": 18, "percent_covered": 0.0, "percent_covered_display": "0", "missing_lines": 18, "excluded_lines": 0}, "missing_lines": [156, 157, 158, 160, 161, 162, 163, 164, 165, 166, 168, 169, 170, 171, 172, 173, 175, 176], "excluded_lines": []}, "getstatementrange_ast": {"executed_lines": [], "summary": {"covered_lines": 0, "num_statements": 25, "percent_covered": 0.0, "percent_covered_display": "0", "missing_lines": 25, "excluded_lines": 0}, "missing_lines": [185, 186, 189, 190, 191, 193, 198, 199, 201, 204, 206, 209, 210, 211, 212, 213, 214, 215, 216, 219, 220, 221, 222, 224, 225], "excluded_lines": []}, "": {"executed_lines": [2, 4, 5, 6, 7, 8, 9, 10, 11, 12, 13, 16, 17, 22, 44, 50, 52, 55, 58, 69, 72, 75, 87, 95, 101, 109, 116, 125, 136, 149, 153, 179], "summary": {"covered_lines": 29, "num_statements": 29, "percent_covered": 100.0, "percent_covered_display": "100", "missing_lines": 0, "excluded_lines": 4}, "missing_lines": [], "excluded_lines": [52, 54, 55, 57]}}, "classes": {"Source": {"executed_lines": [53, 56], "summary": {"covered_lines": 0, "num_statements": 56, "percent_covered": 0.0, "percent_covered_display": "0", "missing_lines": 56, "excluded_lines": 2}, "missing_lines": [23, 24, 25, 26, 27, 28, 29, 30, 31, 32, 33, 34, 36, 37, 38, 39, 40, 41, 42, 45, 46, 47, 59, 60, 62, 63, 64, 65, 66, 67, 70, 73, 77, 78, 79, 80, 81, 82, 83, 84, 85, 90, 91, 92, 93, 98, 99, 104, 105, 106, 107, 111, 112, 113, 114, 117], "excluded_lines": [53, 56]}, "": {"executed_lines": [2, 4, 5, 6, 7, 8, 9, 10, 11, 12, 13, 16, 17, 22, 44, 50, 52, 55, 58, 69, 72, 75, 87, 95, 101, 109, 116, 125, 136, 138, 139, 149, 153, 179], "summary": {"covered_lines": 31, "num_statements": 90, "percent_covered": 34.44444444444444, "percent_covered_display": "34", "missing_lines": 59, "excluded_lines": 4}, "missing_lines": [126, 127, 128, 129, 130, 131, 132, 133, 140, 141, 142, 143, 144, 145, 146, 150, 156, 157, 158, 160, 161, 162, 163, 164, 165, 166, 168, 169, 170, 171, 172, 173, 175, 176, 185, 186, 189, 190, 191, 193, 198, 199, 201, 204, 206, 209, 210, 211, 212, 213, 214, 215, 216, 219, 220, 221, 222, 224, 225], "excluded_lines": [52, 54, 55, 57]}}}, "src/_pytest/_io/__init__.py": {"executed_lines": [1, 3, 4, 7], "summary": {"covered_lines": 4, "num_statements": 4, "percent_covered": 100.0, "percent_covered_display": "100", "missing_lines": 0, "excluded_lines": 0}, "missing_lines": [], "excluded_lines": [], "functions": {"": {"executed_lines": [1, 3, 4, 7], "summary": {"covered_lines": 4, "num_statements": 4, "percent_covered": 100.0, "percent_covered_display": "100", "missing_lines": 0, "excluded_lines": 0}, "missing_lines": [], "excluded_lines": []}}, "classes": {"": {"executed_lines": [1, 3, 4, 7], "summary": {"covered_lines": 4, "num_statements": 4, "percent_covered": 100.0, "percent_covered_display": "100", "missing_lines": 0, "excluded_lines": 0}, "missing_lines": [], "excluded_lines": []}}}, "src/_pytest/_io/pprint.py": {"executed_lines": [16, 18, 19, 20, 21, 22, 23, 24, 25, 26, 29, 30, 39, 41, 44, 54, 59, 60, 89, 94, 130, 149, 154, 169, 171, 188, 190, 203, 205, 218, 220, 243, 244, 246, 303, 305, 332, 334, 350, 352, 365, 367, 387, 389, 413, 450, 473, 476, 490, 492, 511, 513, 530, 532, 549, 551, 562, 564, 575, 577, 588, 590, 649, 654, 658], "summary": {"covered_lines": 64, "num_statements": 331, "percent_covered": 19.335347432024168, "percent_covered_display": "19", "missing_lines": 267, "excluded_lines": 0}, "missing_lines": [42, 45, 46, 47, 48, 56, 79, 80, 81, 82, 83, 84, 85, 86, 87, 90, 91, 92, 103, 104, 105, 106, 108, 109, 110, 111, 112, 113, 122, 123, 126, 128, 139, 140, 145, 146, 147, 163, 164, 165, 166, 167, 180, 181, 182, 183, 184, 185, 186, 199, 200, 201, 214, 215, 216, 229, 230, 231, 232, 233, 234, 235, 237, 238, 239, 240, 241, 255, 256, 257, 258, 259, 260, 261, 262, 263, 264, 265, 266, 267, 268, 269, 270, 273, 274, 275, 276, 277, 278, 279, 280, 281, 282, 283, 284, 285, 286, 288, 289, 290, 291, 292, 293, 294, 295, 296, 297, 298, 299, 300, 301, 314, 315, 316, 317, 318, 319, 320, 321, 322, 323, 324, 325, 326, 327, 328, 329, 330, 343, 344, 345, 348, 361, 362, 363, 376, 379, 381, 382, 383, 384, 385, 398, 399, 401, 402, 403, 404, 405, 406, 407, 408, 409, 411, 422, 423, 425, 426, 427, 428, 429, 430, 431, 432, 435, 437, 446, 448, 459, 460, 462, 463, 464, 466, 467, 468, 469, 471, 474, 485, 486, 487, 488, 501, 503, 504, 505, 506, 507, 509, 522, 523, 524, 526, 527, 528, 541, 542, 543, 544, 546, 547, 560, 573, 586, 593, 594, 595, 597, 599, 600, 601, 602, 603, 604, 605, 606, 607, 608, 609, 610, 611, 612, 613, 614, 615, 616, 618, 621, 622, 623, 624, 625, 626, 628, 629, 630, 631, 632, 633, 634, 635, 636, 637, 638, 639, 640, 641, 642, 643, 644, 646, 655, 659, 660, 661, 662, 663, 664, 665, 666, 667, 668, 669, 671, 672, 673], "excluded_lines": [], "functions": {"_safe_key.__init__": {"executed_lines": [], "summary": {"covered_lines": 0, "num_statements": 1, "percent_covered": 0.0, "percent_covered_display": "0", "missing_lines": 1, "excluded_lines": 0}, "missing_lines": [42], "excluded_lines": []}, "_safe_key.__lt__": {"executed_lines": [], "summary": {"covered_lines": 0, "num_statements": 4, "percent_covered": 0.0, "percent_covered_display": "0", "missing_lines": 4, "excluded_lines": 0}, "missing_lines": [45, 46, 47, 48], "excluded_lines": []}, "_safe_tuple": {"executed_lines": [], "summary": {"covered_lines": 0, "num_statements": 1, "percent_covered": 0.0, "percent_covered_display": "0", "missing_lines": 1, "excluded_lines": 0}, "missing_lines": [56], "excluded_lines": []}, "PrettyPrinter.__init__": {"executed_lines": [], "summary": {"covered_lines": 0, "num_statements": 9, "percent_covered": 0.0, "percent_covered_display": "0", "missing_lines": 9, "excluded_lines": 0}, "missing_lines": [79, 80, 81, 82, 83, 84, 85, 86, 87], "excluded_lines": []}, "PrettyPrinter.pformat": {"executed_lines": [], "summary": {"covered_lines": 0, "num_statements": 3, "percent_covered": 0.0, "percent_covered_display": "0", "missing_lines": 3, "excluded_lines": 0}, "missing_lines": [90, 91, 92], "excluded_lines": []}, "PrettyPrinter._format": {"executed_lines": [], "summary": {"covered_lines": 0, "num_statements": 14, "percent_covered": 0.0, "percent_covered_display": "0", "missing_lines": 14, "excluded_lines": 0}, "missing_lines": [103, 104, 105, 106, 108, 109, 110, 111, 112, 113, 122, 123, 126, 128], "excluded_lines": []}, "PrettyPrinter._pprint_dataclass": {"executed_lines": [], "summary": {"covered_lines": 0, "num_statements": 5, "percent_covered": 0.0, "percent_covered_display": "0", "missing_lines": 5, "excluded_lines": 0}, "missing_lines": [139, 140, 145, 146, 147], "excluded_lines": []}, "PrettyPrinter._pprint_dict": {"executed_lines": [], "summary": {"covered_lines": 0, "num_statements": 5, "percent_covered": 0.0, "percent_covered_display": "0", "missing_lines": 5, "excluded_lines": 0}, "missing_lines": [163, 164, 165, 166, 167], "excluded_lines": []}, "PrettyPrinter._pprint_ordered_dict": {"executed_lines": [], "summary": {"covered_lines": 0, "num_statements": 7, "percent_covered": 0.0, "percent_covered_display": "0", "missing_lines": 7, "excluded_lines": 0}, "missing_lines": [180, 181, 182, 183, 184, 185, 186], "excluded_lines": []}, "PrettyPrinter._pprint_list": {"executed_lines": [], "summary": {"covered_lines": 0, "num_statements": 3, "percent_covered": 0.0, "percent_covered_display": "0", "missing_lines": 3, "excluded_lines": 0}, "missing_lines": [199, 200, 201], "excluded_lines": []}, "PrettyPrinter._pprint_tuple": {"executed_lines": [], "summary": {"covered_lines": 0, "num_statements": 3, "percent_covered": 0.0, "percent_covered_display": "0", "missing_lines": 3, "excluded_lines": 0}, "missing_lines": [214, 215, 216], "excluded_lines": []}, "PrettyPrinter._pprint_set": {"executed_lines": [], "summary": {"covered_lines": 0, "num_statements": 12, "percent_covered": 0.0, "percent_covered_display": "0", "missing_lines": 12, "excluded_lines": 0}, "missing_lines": [229, 230, 231, 232, 233, 234, 235, 237, 238, 239, 240, 241], "excluded_lines": []}, "PrettyPrinter._pprint_str": {"executed_lines": [], "summary": {"covered_lines": 0, "num_statements": 44, "percent_covered": 0.0, "percent_covered_display": "0", "missing_lines": 44, "excluded_lines": 0}, "missing_lines": [255, 256, 257, 258, 259, 260, 261, 262, 263, 264, 265, 266, 267, 268, 269, 270, 273, 274, 275, 276, 277, 278, 279, 280, 281, 282, 283, 284, 285, 286, 288, 289, 290, 291, 292, 293, 294, 295, 296, 297, 298, 299, 300, 301], "excluded_lines": []}, "PrettyPrinter._pprint_bytes": {"executed_lines": [], "summary": {"covered_lines": 0, "num_statements": 17, "percent_covered": 0.0, "percent_covered_display": "0", "missing_lines": 17, "excluded_lines": 0}, "missing_lines": [314, 315, 316, 317, 318, 319, 320, 321, 322, 323, 324, 325, 326, 327, 328, 329, 330], "excluded_lines": []}, "PrettyPrinter._pprint_bytearray": {"executed_lines": [], "summary": {"covered_lines": 0, "num_statements": 4, "percent_covered": 0.0, "percent_covered_display": "0", "missing_lines": 4, "excluded_lines": 0}, "missing_lines": [343, 344, 345, 348], "excluded_lines": []}, "PrettyPrinter._pprint_mappingproxy": {"executed_lines": [], "summary": {"covered_lines": 0, "num_statements": 3, "percent_covered": 0.0, "percent_covered_display": "0", "missing_lines": 3, "excluded_lines": 0}, "missing_lines": [361, 362, 363], "excluded_lines": []}, "PrettyPrinter._pprint_simplenamespace": {"executed_lines": [], "summary": {"covered_lines": 0, "num_statements": 7, "percent_covered": 0.0, "percent_covered_display": "0", "missing_lines": 7, "excluded_lines": 0}, "missing_lines": [376, 379, 381, 382, 383, 384, 385], "excluded_lines": []}, "PrettyPrinter._format_dict_items": {"executed_lines": [], "summary": {"covered_lines": 0, "num_statements": 12, "percent_covered": 0.0, "percent_covered_display": "0", "missing_lines": 12, "excluded_lines": 0}, "missing_lines": [398, 399, 401, 402, 403, 404, 405, 406, 407, 408, 409, 411], "excluded_lines": []}, "PrettyPrinter._format_namespace_items": {"executed_lines": [], "summary": {"covered_lines": 0, "num_statements": 14, "percent_covered": 0.0, "percent_covered_display": "0", "missing_lines": 14, "excluded_lines": 0}, "missing_lines": [422, 423, 425, 426, 427, 428, 429, 430, 431, 432, 435, 437, 446, 448], "excluded_lines": []}, "PrettyPrinter._format_items": {"executed_lines": [], "summary": {"covered_lines": 0, "num_statements": 10, "percent_covered": 0.0, "percent_covered_display": "0", "missing_lines": 10, "excluded_lines": 0}, "missing_lines": [459, 460, 462, 463, 464, 466, 467, 468, 469, 471], "excluded_lines": []}, "PrettyPrinter._repr": {"executed_lines": [], "summary": {"covered_lines": 0, "num_statements": 1, "percent_covered": 0.0, "percent_covered_display": "0", "missing_lines": 1, "excluded_lines": 0}, "missing_lines": [474], "excluded_lines": []}, "PrettyPrinter._pprint_default_dict": {"executed_lines": [], "summary": {"covered_lines": 0, "num_statements": 4, "percent_covered": 0.0, "percent_covered_display": "0", "missing_lines": 4, "excluded_lines": 0}, "missing_lines": [485, 486, 487, 488], "excluded_lines": []}, "PrettyPrinter._pprint_counter": {"executed_lines": [], "summary": {"covered_lines": 0, "num_statements": 7, "percent_covered": 0.0, "percent_covered_display": "0", "missing_lines": 7, "excluded_lines": 0}, "missing_lines": [501, 503, 504, 505, 506, 507, 509], "excluded_lines": []}, "PrettyPrinter._pprint_chain_map": {"executed_lines": [], "summary": {"covered_lines": 0, "num_statements": 6, "percent_covered": 0.0, "percent_covered_display": "0", "missing_lines": 6, "excluded_lines": 0}, "missing_lines": [522, 523, 524, 526, 527, 528], "excluded_lines": []}, "PrettyPrinter._pprint_deque": {"executed_lines": [], "summary": {"covered_lines": 0, "num_statements": 6, "percent_covered": 0.0, "percent_covered_display": "0", "missing_lines": 6, "excluded_lines": 0}, "missing_lines": [541, 542, 543, 544, 546, 547], "excluded_lines": []}, "PrettyPrinter._pprint_user_dict": {"executed_lines": [], "summary": {"covered_lines": 0, "num_statements": 1, "percent_covered": 0.0, "percent_covered_display": "0", "missing_lines": 1, "excluded_lines": 0}, "missing_lines": [560], "excluded_lines": []}, "PrettyPrinter._pprint_user_list": {"executed_lines": [], "summary": {"covered_lines": 0, "num_statements": 1, "percent_covered": 0.0, "percent_covered_display": "0", "missing_lines": 1, "excluded_lines": 0}, "missing_lines": [573], "excluded_lines": []}, "PrettyPrinter._pprint_user_string": {"executed_lines": [], "summary": {"covered_lines": 0, "num_statements": 1, "percent_covered": 0.0, "percent_covered_display": "0", "missing_lines": 1, "excluded_lines": 0}, "missing_lines": [586], "excluded_lines": []}, "PrettyPrinter._safe_repr": {"executed_lines": [], "summary": {"covered_lines": 0, "num_statements": 47, "percent_covered": 0.0, "percent_covered_display": "0", "missing_lines": 47, "excluded_lines": 0}, "missing_lines": [593, 594, 595, 597, 599, 600, 601, 602, 603, 604, 605, 606, 607, 608, 609, 610, 611, 612, 613, 614, 615, 616, 618, 621, 622, 623, 624, 625, 626, 628, 629, 630, 631, 632, 633, 634, 635, 636, 637, 638, 639, 640, 641, 642, 643, 644, 646], "excluded_lines": []}, "_recursion": {"executed_lines": [], "summary": {"covered_lines": 0, "num_statements": 1, "percent_covered": 0.0, "percent_covered_display": "0", "missing_lines": 1, "excluded_lines": 0}, "missing_lines": [655], "excluded_lines": []}, "_wrap_bytes_repr": {"executed_lines": [], "summary": {"covered_lines": 0, "num_statements": 14, "percent_covered": 0.0, "percent_covered_display": "0", "missing_lines": 14, "excluded_lines": 0}, "missing_lines": [659, 660, 661, 662, 663, 664, 665, 666, 667, 668, 669, 671, 672, 673], "excluded_lines": []}, "": {"executed_lines": [16, 18, 19, 20, 21, 22, 23, 24, 25, 26, 29, 30, 39, 41, 44, 54, 59, 60, 89, 94, 130, 149, 154, 169, 171, 188, 190, 203, 205, 218, 220, 243, 244, 246, 303, 305, 332, 334, 350, 352, 365, 367, 387, 389, 413, 450, 473, 476, 490, 492, 511, 513, 530, 532, 549, 551, 562, 564, 575, 577, 588, 590, 649, 654, 658], "summary": {"covered_lines": 64, "num_statements": 64, "percent_covered": 100.0, "percent_covered_display": "100", "missing_lines": 0, "excluded_lines": 0}, "missing_lines": [], "excluded_lines": []}}, "classes": {"_safe_key": {"executed_lines": [], "summary": {"covered_lines": 0, "num_statements": 5, "percent_covered": 0.0, "percent_covered_display": "0", "missing_lines": 5, "excluded_lines": 0}, "missing_lines": [42, 45, 46, 47, 48], "excluded_lines": []}, "PrettyPrinter": {"executed_lines": [], "summary": {"covered_lines": 0, "num_statements": 246, "percent_covered": 0.0, "percent_covered_display": "0", "missing_lines": 246, "excluded_lines": 0}, "missing_lines": [79, 80, 81, 82, 83, 84, 85, 86, 87, 90, 91, 92, 103, 104, 105, 106, 108, 109, 110, 111, 112, 113, 122, 123, 126, 128, 139, 140, 145, 146, 147, 163, 164, 165, 166, 167, 180, 181, 182, 183, 184, 185, 186, 199, 200, 201, 214, 215, 216, 229, 230, 231, 232, 233, 234, 235, 237, 238, 239, 240, 241, 255, 256, 257, 258, 259, 260, 261, 262, 263, 264, 265, 266, 267, 268, 269, 270, 273, 274, 275, 276, 277, 278, 279, 280, 281, 282, 283, 284, 285, 286, 288, 289, 290, 291, 292, 293, 294, 295, 296, 297, 298, 299, 300, 301, 314, 315, 316, 317, 318, 319, 320, 321, 322, 323, 324, 325, 326, 327, 328, 329, 330, 343, 344, 345, 348, 361, 362, 363, 376, 379, 381, 382, 383, 384, 385, 398, 399, 401, 402, 403, 404, 405, 406, 407, 408, 409, 411, 422, 423, 425, 426, 427, 428, 429, 430, 431, 432, 435, 437, 446, 448, 459, 460, 462, 463, 464, 466, 467, 468, 469, 471, 474, 485, 486, 487, 488, 501, 503, 504, 505, 506, 507, 509, 522, 523, 524, 526, 527, 528, 541, 542, 543, 544, 546, 547, 560, 573, 586, 593, 594, 595, 597, 599, 600, 601, 602, 603, 604, 605, 606, 607, 608, 609, 610, 611, 612, 613, 614, 615, 616, 618, 621, 622, 623, 624, 625, 626, 628, 629, 630, 631, 632, 633, 634, 635, 636, 637, 638, 639, 640, 641, 642, 643, 644, 646], "excluded_lines": []}, "": {"executed_lines": [16, 18, 19, 20, 21, 22, 23, 24, 25, 26, 29, 30, 39, 41, 44, 54, 59, 60, 89, 94, 130, 149, 154, 169, 171, 188, 190, 203, 205, 218, 220, 243, 244, 246, 303, 305, 332, 334, 350, 352, 365, 367, 387, 389, 413, 450, 473, 476, 490, 492, 511, 513, 530, 532, 549, 551, 562, 564, 575, 577, 588, 590, 649, 654, 658], "summary": {"covered_lines": 64, "num_statements": 80, "percent_covered": 80.0, "percent_covered_display": "80", "missing_lines": 16, "excluded_lines": 0}, "missing_lines": [56, 655, 659, 660, 661, 662, 663, 664, 665, 666, 667, 668, 669, 671, 672, 673], "excluded_lines": []}}}, "src/_pytest/_io/saferepr.py": {"executed_lines": [1, 3, 4, 7, 16, 28, 36, 37, 42, 57, 71, 83, 96, 99, 114], "summary": {"covered_lines": 14, "num_statements": 67, "percent_covered": 20.895522388059703, "percent_covered_display": "21", "missing_lines": 53, "excluded_lines": 0}, "missing_lines": [8, 9, 10, 11, 12, 13, 17, 18, 19, 20, 21, 22, 23, 29, 30, 31, 32, 33, 49, 53, 54, 55, 58, 59, 60, 62, 63, 64, 65, 66, 67, 68, 69, 72, 73, 74, 75, 76, 77, 78, 79, 80, 89, 90, 91, 92, 111, 125, 126, 127, 128, 129, 130], "excluded_lines": [], "functions": {"_try_repr_or_str": {"executed_lines": [], "summary": {"covered_lines": 0, "num_statements": 6, "percent_covered": 0.0, "percent_covered_display": "0", "missing_lines": 6, "excluded_lines": 0}, "missing_lines": [8, 9, 10, 11, 12, 13], "excluded_lines": []}, "_format_repr_exception": {"executed_lines": [], "summary": {"covered_lines": 0, "num_statements": 7, "percent_covered": 0.0, "percent_covered_display": "0", "missing_lines": 7, "excluded_lines": 0}, "missing_lines": [17, 18, 19, 20, 21, 22, 23], "excluded_lines": []}, "_ellipsize": {"executed_lines": [], "summary": {"covered_lines": 0, "num_statements": 5, "percent_covered": 0.0, "percent_covered_display": "0", "missing_lines": 5, "excluded_lines": 0}, "missing_lines": [29, 30, 31, 32, 33], "excluded_lines": []}, "SafeRepr.__init__": {"executed_lines": [], "summary": {"covered_lines": 0, "num_statements": 4, "percent_covered": 0.0, "percent_covered_display": "0", "missing_lines": 4, "excluded_lines": 0}, "missing_lines": [49, 53, 54, 55], "excluded_lines": []}, "SafeRepr.repr": {"executed_lines": [], "summary": {"covered_lines": 0, "num_statements": 11, "percent_covered": 0.0, "percent_covered_display": "0", "missing_lines": 11, "excluded_lines": 0}, "missing_lines": [58, 59, 60, 62, 63, 64, 65, 66, 67, 68, 69], "excluded_lines": []}, "SafeRepr.repr_instance": {"executed_lines": [], "summary": {"covered_lines": 0, "num_statements": 9, "percent_covered": 0.0, "percent_covered_display": "0", "missing_lines": 9, "excluded_lines": 0}, "missing_lines": [72, 73, 74, 75, 76, 77, 78, 79, 80], "excluded_lines": []}, "safeformat": {"executed_lines": [], "summary": {"covered_lines": 0, "num_statements": 4, "percent_covered": 0.0, "percent_covered_display": "0", "missing_lines": 4, "excluded_lines": 0}, "missing_lines": [89, 90, 91, 92], "excluded_lines": []}, "saferepr": {"executed_lines": [], "summary": {"covered_lines": 0, "num_statements": 1, "percent_covered": 0.0, "percent_covered_display": "0", "missing_lines": 1, "excluded_lines": 0}, "missing_lines": [111], "excluded_lines": []}, "saferepr_unlimited": {"executed_lines": [], "summary": {"covered_lines": 0, "num_statements": 6, "percent_covered": 0.0, "percent_covered_display": "0", "missing_lines": 6, "excluded_lines": 0}, "missing_lines": [125, 126, 127, 128, 129, 130], "excluded_lines": []}, "": {"executed_lines": [1, 3, 4, 7, 16, 28, 36, 37, 42, 57, 71, 83, 96, 99, 114], "summary": {"covered_lines": 14, "num_statements": 14, "percent_covered": 100.0, "percent_covered_display": "100", "missing_lines": 0, "excluded_lines": 0}, "missing_lines": [], "excluded_lines": []}}, "classes": {"SafeRepr": {"executed_lines": [], "summary": {"covered_lines": 0, "num_statements": 24, "percent_covered": 0.0, "percent_covered_display": "0", "missing_lines": 24, "excluded_lines": 0}, "missing_lines": [49, 53, 54, 55, 58, 59, 60, 62, 63, 64, 65, 66, 67, 68, 69, 72, 73, 74, 75, 76, 77, 78, 79, 80], "excluded_lines": []}, "": {"executed_lines": [1, 3, 4, 7, 16, 28, 36, 37, 42, 57, 71, 83, 96, 99, 114], "summary": {"covered_lines": 14, "num_statements": 43, "percent_covered": 32.55813953488372, "percent_covered_display": "33", "missing_lines": 29, "excluded_lines": 0}, "missing_lines": [8, 9, 10, 11, 12, 13, 17, 18, 19, 20, 21, 22, 23, 29, 30, 31, 32, 33, 89, 90, 91, 92, 111, 125, 126, 127, 128, 129, 130], "excluded_lines": []}}}, "src/_pytest/_io/terminalwriter.py": {"executed_lines": [1, 3, 5, 6, 7, 8, 9, 10, 11, 13, 14, 15, 16, 17, 19, 20, 26, 27, 30, 33, 36, 37, 39, 41, 43, 45, 50, 51, 52, 75, 76, 77, 78, 86, 87, 88, 89, 90, 92, 93, 94, 96, 98, 99, 102, 103, 105, 107, 108, 109, 111, 115, 117, 154, 155, 156, 157, 158, 160, 162, 164, 166, 167, 168, 179, 180, 182, 183, 184, 186, 187, 189, 208, 216, 235], "summary": {"covered_lines": 74, "num_statements": 137, "percent_covered": 54.01459854014598, "percent_covered_display": "54", "missing_lines": 63, "excluded_lines": 0}, "missing_lines": [31, 38, 40, 42, 44, 79, 80, 81, 82, 84, 85, 95, 100, 110, 112, 113, 114, 124, 125, 128, 133, 134, 139, 140, 141, 145, 149, 150, 152, 169, 176, 177, 196, 197, 200, 201, 202, 203, 205, 206, 209, 210, 211, 212, 214, 217, 219, 220, 222, 223, 224, 225, 229, 230, 239, 240, 242, 243, 245, 250, 251, 256, 258], "excluded_lines": [], "functions": {"get_terminal_width": {"executed_lines": [27, 30, 33], "summary": {"covered_lines": 3, "num_statements": 4, "percent_covered": 75.0, "percent_covered_display": "75", "missing_lines": 1, "excluded_lines": 0}, "missing_lines": [31], "excluded_lines": []}, "should_do_markup": {"executed_lines": [37, 39, 41, 43, 45], "summary": {"covered_lines": 5, "num_statements": 9, "percent_covered": 55.55555555555556, "percent_covered_display": "56", "missing_lines": 4, "excluded_lines": 0}, "missing_lines": [38, 40, 42, 44], "excluded_lines": []}, "TerminalWriter.__init__": {"executed_lines": [76, 77, 78, 86, 87, 88, 89, 90], "summary": {"covered_lines": 8, "num_statements": 14, "percent_covered": 57.142857142857146, "percent_covered_display": "57", "missing_lines": 6, "excluded_lines": 0}, "missing_lines": [79, 80, 81, 82, 84, 85], "excluded_lines": []}, "TerminalWriter.fullwidth": {"executed_lines": [], "summary": {"covered_lines": 0, "num_statements": 1, "percent_covered": 0.0, "percent_covered_display": "0", "missing_lines": 1, "excluded_lines": 0}, "missing_lines": [100], "excluded_lines": []}, "TerminalWriter.width_of_current_line": {"executed_lines": [105], "summary": {"covered_lines": 1, "num_statements": 1, "percent_covered": 100.0, "percent_covered_display": "100", "missing_lines": 0, "excluded_lines": 0}, "missing_lines": [], "excluded_lines": []}, "TerminalWriter.markup": {"executed_lines": [108, 109, 111, 115], "summary": {"covered_lines": 4, "num_statements": 8, "percent_covered": 50.0, "percent_covered_display": "50", "missing_lines": 4, "excluded_lines": 0}, "missing_lines": [110, 112, 113, 114], "excluded_lines": []}, "TerminalWriter.sep": {"executed_lines": [], "summary": {"covered_lines": 0, "num_statements": 12, "percent_covered": 0.0, "percent_covered_display": "0", "missing_lines": 12, "excluded_lines": 0}, "missing_lines": [124, 125, 128, 133, 134, 139, 140, 141, 145, 149, 150, 152], "excluded_lines": []}, "TerminalWriter.write": {"executed_lines": [155, 156, 157, 158, 160, 162, 164], "summary": {"covered_lines": 7, "num_statements": 7, "percent_covered": 100.0, "percent_covered_display": "100", "missing_lines": 0, "excluded_lines": 0}, "missing_lines": [], "excluded_lines": []}, "TerminalWriter.write_raw": {"executed_lines": [167, 168, 179, 180], "summary": {"covered_lines": 4, "num_statements": 7, "percent_covered": 57.142857142857146, "percent_covered_display": "57", "missing_lines": 3, "excluded_lines": 0}, "missing_lines": [169, 176, 177], "excluded_lines": []}, "TerminalWriter.line": {"executed_lines": [183, 184], "summary": {"covered_lines": 2, "num_statements": 2, "percent_covered": 100.0, "percent_covered_display": "100", "missing_lines": 0, "excluded_lines": 0}, "missing_lines": [], "excluded_lines": []}, "TerminalWriter.flush": {"executed_lines": [187], "summary": {"covered_lines": 1, "num_statements": 1, "percent_covered": 100.0, "percent_covered_display": "100", "missing_lines": 0, "excluded_lines": 0}, "missing_lines": [], "excluded_lines": []}, "TerminalWriter._write_source": {"executed_lines": [], "summary": {"covered_lines": 0, "num_statements": 8, "percent_covered": 0.0, "percent_covered_display": "0", "missing_lines": 8, "excluded_lines": 0}, "missing_lines": [196, 197, 200, 201, 202, 203, 205, 206], "excluded_lines": []}, "TerminalWriter._get_pygments_lexer": {"executed_lines": [], "summary": {"covered_lines": 0, "num_statements": 5, "percent_covered": 0.0, "percent_covered_display": "0", "missing_lines": 5, "excluded_lines": 0}, "missing_lines": [209, 210, 211, 212, 214], "excluded_lines": []}, "TerminalWriter._get_pygments_formatter": {"executed_lines": [], "summary": {"covered_lines": 0, "num_statements": 9, "percent_covered": 0.0, "percent_covered_display": "0", "missing_lines": 9, "excluded_lines": 0}, "missing_lines": [217, 219, 220, 222, 223, 224, 225, 229, 230], "excluded_lines": []}, "TerminalWriter._highlight": {"executed_lines": [], "summary": {"covered_lines": 0, "num_statements": 9, "percent_covered": 0.0, "percent_covered_display": "0", "missing_lines": 9, "excluded_lines": 0}, "missing_lines": [239, 240, 242, 243, 245, 250, 251, 256, 258], "excluded_lines": []}, "": {"executed_lines": [1, 3, 5, 6, 7, 8, 9, 10, 11, 13, 14, 15, 16, 17, 19, 20, 26, 36, 50, 51, 52, 75, 92, 93, 98, 99, 102, 103, 107, 117, 154, 166, 182, 186, 189, 208, 216, 235], "summary": {"covered_lines": 37, "num_statements": 37, "percent_covered": 100.0, "percent_covered_display": "100", "missing_lines": 0, "excluded_lines": 0}, "missing_lines": [], "excluded_lines": []}}, "classes": {"TerminalWriter": {"executed_lines": [76, 77, 78, 86, 87, 88, 89, 90, 94, 96, 105, 108, 109, 111, 115, 155, 156, 157, 158, 160, 162, 164, 167, 168, 179, 180, 183, 184, 187], "summary": {"covered_lines": 29, "num_statements": 87, "percent_covered": 33.333333333333336, "percent_covered_display": "33", "missing_lines": 58, "excluded_lines": 0}, "missing_lines": [79, 80, 81, 82, 84, 85, 95, 100, 110, 112, 113, 114, 124, 125, 128, 133, 134, 139, 140, 141, 145, 149, 150, 152, 169, 176, 177, 196, 197, 200, 201, 202, 203, 205, 206, 209, 210, 211, 212, 214, 217, 219, 220, 222, 223, 224, 225, 229, 230, 239, 240, 242, 243, 245, 250, 251, 256, 258], "excluded_lines": []}, "": {"executed_lines": [1, 3, 5, 6, 7, 8, 9, 10, 11, 13, 14, 15, 16, 17, 19, 20, 26, 27, 30, 33, 36, 37, 39, 41, 43, 45, 50, 51, 52, 75, 92, 93, 98, 99, 102, 103, 107, 117, 154, 166, 182, 186, 189, 208, 216, 235], "summary": {"covered_lines": 45, "num_statements": 50, "percent_covered": 90.0, "percent_covered_display": "90", "missing_lines": 5, "excluded_lines": 0}, "missing_lines": [31, 38, 40, 42, 44], "excluded_lines": []}}}, "src/_pytest/_io/wcwidth.py": {"executed_lines": [1, 3, 4, 7, 8, 14, 17, 18, 46, 51, 52, 53, 54, 56, 57], "summary": {"covered_lines": 15, "num_statements": 26, "percent_covered": 57.69230769230769, "percent_covered_display": "58", "missing_lines": 11, "excluded_lines": 0}, "missing_lines": [21, 27, 29, 32, 33, 36, 37, 40, 41, 43, 55], "excluded_lines": [], "functions": {"wcwidth": {"executed_lines": [14, 17, 18], "summary": {"covered_lines": 3, "num_statements": 13, "percent_covered": 23.076923076923077, "percent_covered_display": "23", "missing_lines": 10, "excluded_lines": 0}, "missing_lines": [21, 27, 29, 32, 33, 36, 37, 40, 41, 43], "excluded_lines": []}, "wcswidth": {"executed_lines": [51, 52, 53, 54, 56, 57], "summary": {"covered_lines": 6, "num_statements": 7, "percent_covered": 85.71428571428571, "percent_covered_display": "86", "missing_lines": 1, "excluded_lines": 0}, "missing_lines": [55], "excluded_lines": []}, "": {"executed_lines": [1, 3, 4, 7, 8, 46], "summary": {"covered_lines": 6, "num_statements": 6, "percent_covered": 100.0, "percent_covered_display": "100", "missing_lines": 0, "excluded_lines": 0}, "missing_lines": [], "excluded_lines": []}}, "classes": {"": {"executed_lines": [1, 3, 4, 7, 8, 14, 17, 18, 46, 51, 52, 53, 54, 56, 57], "summary": {"covered_lines": 15, "num_statements": 26, "percent_covered": 57.69230769230769, "percent_covered_display": "58", "missing_lines": 11, "excluded_lines": 0}, "missing_lines": [21, 27, 29, 32, 33, 36, 37, 40, 41, 43, 55], "excluded_lines": []}}}, "src/_pytest/_py/__init__.py": {"executed_lines": [0], "summary": {"covered_lines": 0, "num_statements": 0, "percent_covered": 100.0, "percent_covered_display": "100", "missing_lines": 0, "excluded_lines": 0}, "missing_lines": [], "excluded_lines": [], "functions": {"": {"executed_lines": [], "summary": {"covered_lines": 0, "num_statements": 0, "percent_covered": 100.0, "percent_covered_display": "100", "missing_lines": 0, "excluded_lines": 0}, "missing_lines": [], "excluded_lines": []}}, "classes": {"": {"executed_lines": [], "summary": {"covered_lines": 0, "num_statements": 0, "percent_covered": 100.0, "percent_covered_display": "100", "missing_lines": 0, "excluded_lines": 0}, "missing_lines": [], "excluded_lines": []}}}, "src/_pytest/_py/error.py": {"executed_lines": [1, 3, 5, 6, 7, 8, 9, 10, 13, 18, 21, 22, 31, 39, 52, 53, 58, 60, 68, 81, 114, 115, 118], "summary": {"covered_lines": 20, "num_statements": 54, "percent_covered": 37.03703703703704, "percent_covered_display": "37", "missing_lines": 34, "excluded_lines": 3}, "missing_lines": [23, 32, 36, 61, 62, 63, 64, 65
[...]
statements": 1, "percent_covered": 0.0, "percent_covered_display": "0", "missing_lines": 1, "excluded_lines": 0}, "missing_lines": [606], "excluded_lines": []}, "TestAssertionWarnings.test_tuple_warning": {"executed_lines": [], "summary": {"covered_lines": 0, "num_statements": 3, "percent_covered": 0.0, "percent_covered_display": "0", "missing_lines": 3, "excluded_lines": 0}, "missing_lines": [609, 615, 616], "excluded_lines": []}, "test_warnings_checker_twice": {"executed_lines": [], "summary": {"covered_lines": 0, "num_statements": 5, "percent_covered": 0.0, "percent_covered_display": "0", "missing_lines": 5, "excluded_lines": 0}, "missing_lines": [623, 624, 625, 626, 627], "excluded_lines": []}, "test_group_warnings_by_message": {"executed_lines": [], "summary": {"covered_lines": 0, "num_statements": 3, "percent_covered": 0.0, "percent_covered_display": "0", "missing_lines": 3, "excluded_lines": 0}, "missing_lines": [632, 633, 634], "excluded_lines": []}, "test_group_warnings_by_message_summary": {"executed_lines": [], "summary": {"covered_lines": 0, "num_statements": 4, "percent_covered": 0.0, "percent_covered_display": "0", "missing_lines": 4, "excluded_lines": 0}, "missing_lines": [663, 664, 665, 666], "excluded_lines": []}, "test_pytest_configure_warning": {"executed_lines": [], "summary": {"covered_lines": 0, "num_statements": 6, "percent_covered": 0.0, "percent_covered_display": "0", "missing_lines": 6, "excluded_lines": 0}, "missing_lines": [687, 696, 697, 698, 699, 700], "excluded_lines": []}, "TestStackLevel.capwarn": {"executed_lines": [], "summary": {"covered_lines": 0, "num_statements": 6, "percent_covered": 0.0, "percent_covered_display": "0", "missing_lines": 6, "excluded_lines": 0}, "missing_lines": [706, 707, 711, 712, 715, 717], "excluded_lines": []}, "TestStackLevel.capwarn.CapturedWarnings.pytest_warning_recorded": {"executed_lines": [], "summary": {"covered_lines": 0, "num_statements": 1, "percent_covered": 0.0, "percent_covered_display": "0", "missing_lines": 1, "excluded_lines": 0}, "missing_lines": [713], "excluded_lines": []}, "TestStackLevel.test_issue4445_rewrite": {"executed_lines": [], "summary": {"covered_lines": 0, "num_statements": 10, "percent_covered": 0.0, "percent_covered_display": "0", "missing_lines": 10, "excluded_lines": 0}, "missing_lines": [723, 724, 732, 736, 737, 738, 740, 741, 742, 743], "excluded_lines": []}, "TestStackLevel.test_issue4445_preparse": {"executed_lines": [], "summary": {"covered_lines": 0, "num_statements": 8, "percent_covered": 0.0, "percent_covered_display": "0", "missing_lines": 8, "excluded_lines": 0}, "missing_lines": [749, 754, 758, 759, 760, 762, 763, 764], "excluded_lines": []}, "TestStackLevel.test_conftest_warning_captured": {"executed_lines": [], "summary": {"covered_lines": 0, "num_statements": 3, "percent_covered": 0.0, "percent_covered_display": "0", "missing_lines": 3, "excluded_lines": 0}, "missing_lines": [769, 775, 776], "excluded_lines": []}, "TestStackLevel.test_issue4445_import_plugin": {"executed_lines": [], "summary": {"covered_lines": 0, "num_statements": 9, "percent_covered": 0.0, "percent_covered_display": "0", "missing_lines": 9, "excluded_lines": 0}, "missing_lines": [782, 788, 789, 794, 795, 796, 798, 799, 800], "excluded_lines": []}, "TestStackLevel.test_issue4445_issue5928_mark_generator": {"executed_lines": [], "summary": {"covered_lines": 0, "num_statements": 3, "percent_covered": 0.0, "percent_covered_display": "0", "missing_lines": 3, "excluded_lines": 0}, "missing_lines": [806, 815, 817], "excluded_lines": []}, "test_warning_on_testpaths_not_found": {"executed_lines": [], "summary": {"covered_lines": 0, "num_statements": 3, "percent_covered": 0.0, "percent_covered_display": "0", "missing_lines": 3, "excluded_lines": 0}, "missing_lines": [827, 833, 834], "excluded_lines": []}, "test_resource_warning": {"executed_lines": [], "summary": {"covered_lines": 0, "num_statements": 14, "percent_covered": 0.0, "percent_covered_display": "0", "missing_lines": 14, "excluded_lines": 0}, "missing_lines": [844, 845, 847, 848, 849, 853, 855, 867, 868, 877, 879, 881, 882, 890], "excluded_lines": []}, "test_warning_captured_in_user_properties": {"executed_lines": [], "summary": {"covered_lines": 0, "num_statements": 16, "percent_covered": 0.0, "percent_covered_display": "0", "missing_lines": 16, "excluded_lines": 0}, "missing_lines": [895, 907, 908, 911, 912, 915, 916, 917, 920, 922, 926, 931, 932, 933, 935, 939], "excluded_lines": []}, "test_warning_stash_storage": {"executed_lines": [], "summary": {"covered_lines": 0, "num_statements": 12, "percent_covered": 0.0, "percent_covered_display": "0", "missing_lines": 12, "excluded_lines": 0}, "missing_lines": [944, 955, 957, 958, 961, 963, 964, 967, 969, 970, 971, 972], "excluded_lines": []}, "test_warning_stash_storage.StashChecker.pytest_runtest_call": {"executed_lines": [], "summary": {"covered_lines": 0, "num_statements": 1, "percent_covered": 0.0, "percent_covered_display": "0", "missing_lines": 1, "excluded_lines": 0}, "missing_lines": [959], "excluded_lines": []}, "test_catch_warnings_stores_in_stash_with_conftest": {"executed_lines": [], "summary": {"covered_lines": 0, "num_statements": 5, "percent_covered": 0.0, "percent_covered_display": "0", "missing_lines": 5, "excluded_lines": 0}, "missing_lines": [977, 1001, 1011, 1012, 1013], "excluded_lines": []}, "test_user_properties_set_with_verification_plugin": {"executed_lines": [], "summary": {"covered_lines": 0, "num_statements": 5, "percent_covered": 0.0, "percent_covered_display": "0", "missing_lines": 5, "excluded_lines": 0}, "missing_lines": [1018, 1043, 1053, 1054, 1055], "excluded_lines": []}, "test_warning_hook_with_monkeypatch_verification": {"executed_lines": [], "summary": {"covered_lines": 0, "num_statements": 8, "percent_covered": 0.0, "percent_covered_display": "0", "missing_lines": 8, "excluded_lines": 0}, "missing_lines": [1062, 1065, 1067, 1069, 1074, 1077, 1086, 1089], "excluded_lines": []}, "test_warning_hook_with_monkeypatch_verification.tracking_hook": {"executed_lines": [], "summary": {"covered_lines": 0, "num_statements": 2, "percent_covered": 0.0, "percent_covered_display": "0", "missing_lines": 2, "excluded_lines": 0}, "missing_lines": [1070, 1071], "excluded_lines": []}, "test_catch_warnings_context_manager_directly": {"executed_lines": [1094, 1096, 1097, 1100, 1101, 1104, 1105, 1107, 1109, 1110, 1111, 1114, 1116, 1117, 1123, 1126, 1127, 1128, 1131, 1132, 1135, 1136, 1137, 1138], "summary": {"covered_lines": 24, "num_statements": 24, "percent_covered": 100.0, "percent_covered_display": "100", "missing_lines": 0, "excluded_lines": 0}, "missing_lines": [], "excluded_lines": []}, "test_catch_warnings_context_manager_directly.MockConfig.getini": {"executed_lines": [1102], "summary": {"covered_lines": 1, "num_statements": 1, "percent_covered": 100.0, "percent_covered_display": "100", "missing_lines": 0, "excluded_lines": 0}, "missing_lines": [], "excluded_lines": []}, "test_catch_warnings_context_manager_directly.MockHook.MockWarningHook.call_historic": {"executed_lines": [1112], "summary": {"covered_lines": 1, "num_statements": 1, "percent_covered": 100.0, "percent_covered_display": "100", "missing_lines": 0, "excluded_lines": 0}, "missing_lines": [], "excluded_lines": []}, "test_catch_warnings_context_manager_directly.MockItem.__init__": {"executed_lines": [1118, 1120, 1121], "summary": {"covered_lines": 3, "num_statements": 3, "percent_covered": 100.0, "percent_covered_display": "100", "missing_lines": 0, "excluded_lines": 0}, "missing_lines": [], "excluded_lines": []}, "test_catch_warnings_context_manager_directly.MockItem.iter_markers": {"executed_lines": [1124], "summary": {"covered_lines": 1, "num_statements": 1, "percent_covered": 100.0, "percent_covered_display": "100", "missing_lines": 0, "excluded_lines": 0}, "missing_lines": [], "excluded_lines": []}, "test_catch_warnings_with_record_false": {"executed_lines": [], "summary": {"covered_lines": 0, "num_statements": 22, "percent_covered": 0.0, "percent_covered_display": "0", "missing_lines": 22, "excluded_lines": 0}, "missing_lines": [1143, 1145, 1146, 1149, 1150, 1153, 1154, 1156, 1158, 1159, 1160, 1163, 1165, 1166, 1172, 1175, 1176, 1177, 1181, 1182, 1185, 1186], "excluded_lines": []}, "test_catch_warnings_with_record_false.MockConfig.getini": {"executed_lines": [], "summary": {"covered_lines": 0, "num_statements": 1, "percent_covered": 0.0, "percent_covered_display": "0", "missing_lines": 1, "excluded_lines": 0}, "missing_lines": [1151], "excluded_lines": []}, "test_catch_warnings_with_record_false.MockHook.MockWarningHook.call_historic": {"executed_lines": [], "summary": {"covered_lines": 0, "num_statements": 1, "percent_covered": 0.0, "percent_covered_display": "0", "missing_lines": 1, "excluded_lines": 0}, "missing_lines": [1161], "excluded_lines": []}, "test_catch_warnings_with_record_false.MockItem.__init__": {"executed_lines": [], "summary": {"covered_lines": 0, "num_statements": 3, "percent_covered": 0.0, "percent_covered_display": "0", "missing_lines": 3, "excluded_lines": 0}, "missing_lines": [1167, 1169, 1170], "excluded_lines": []}, "test_catch_warnings_with_record_false.MockItem.iter_markers": {"executed_lines": [], "summary": {"covered_lines": 0, "num_statements": 1, "percent_covered": 0.0, "percent_covered_display": "0", "missing_lines": 1, "excluded_lines": 0}, "missing_lines": [1173], "excluded_lines": []}, "test_catch_warnings_with_sys_warnoptions_set": {"executed_lines": [1194, 1196, 1197, 1202, 1205, 1206, 1209, 1210, 1212, 1214, 1215, 1216, 1219, 1221, 1222, 1228, 1231, 1232, 1233, 1236, 1237, 1240, 1241], "summary": {"covered_lines": 23, "num_statements": 23, "percent_covered": 100.0, "percent_covered_display": "100", "missing_lines": 0, "excluded_lines": 0}, "missing_lines": [], "excluded_lines": []}, "test_catch_warnings_with_sys_warnoptions_set.MockConfig.getini": {"executed_lines": [1207], "summary": {"covered_lines": 1, "num_statements": 1, "percent_covered": 100.0, "percent_covered_display": "100", "missing_lines": 0, "excluded_lines": 0}, "missing_lines": [], "excluded_lines": []}, "test_catch_warnings_with_sys_warnoptions_set.MockHook.MockWarningHook.call_historic": {"executed_lines": [], "summary": {"covered_lines": 0, "num_statements": 1, "percent_covered": 0.0, "percent_covered_display": "0", "missing_lines": 1, "excluded_lines": 0}, "missing_lines": [1217], "excluded_lines": []}, "test_catch_warnings_with_sys_warnoptions_set.MockItem.__init__": {"executed_lines": [1223, 1225, 1226], "summary": {"covered_lines": 3, "num_statements": 3, "percent_covered": 100.0, "percent_covered_display": "100", "missing_lines": 0, "excluded_lines": 0}, "missing_lines": [], "excluded_lines": []}, "test_catch_warnings_with_sys_warnoptions_set.MockItem.iter_markers": {"executed_lines": [1229], "summary": {"covered_lines": 1, "num_statements": 1, "percent_covered": 100.0, "percent_covered_display": "100", "missing_lines": 0, "excluded_lines": 0}, "missing_lines": [], "excluded_lines": []}, "": {"executed_lines": [2, 4, 5, 6, 8, 9, 10, 13, 16, 17, 40, 41, 57, 58, 87, 88, 109, 110, 125, 126, 152, 153, 177, 178, 211, 226, 241, 242, 299, 300, 323, 324, 339, 340, 341, 381, 382, 407, 427, 454, 455, 460, 473, 474, 495, 508, 525, 535, 541, 567, 568, 603, 604, 605, 608, 621, 630, 631, 661, 662, 685, 703, 704, 705, 719, 745, 766, 767, 780, 802, 825, 839, 893, 942, 975, 1016, 1058, 1092, 1141, 1189, 1190], "summary": {"covered_lines": 80, "num_statements": 80, "percent_covered": 100.0, "percent_covered_display": "100", "missing_lines": 0, "excluded_lines": 0}, "missing_lines": [], "excluded_lines": []}}, "classes": {"test_warning_recorded_hook.WarningCollector": {"executed_lines": [], "summary": {"covered_lines": 0, "num_statements": 1, "percent_covered": 0.0, "percent_covered_display": "0", "missing_lines": 1, "excluded_lines": 0}, "missing_lines": [271], "excluded_lines": []}, "TestDeprecationWarningsByDefault": {"executed_lines": [], "summary": {"covered_lines": 0, "num_statements": 25, "percent_covered": 0.0, "percent_covered_display": "0", "missing_lines": 25, "excluded_lines": 0}, "missing_lines": [461, 476, 477, 478, 485, 486, 496, 497, 505, 506, 512, 516, 517, 526, 527, 533, 536, 537, 538, 539, 542, 543, 550, 551, 552], "excluded_lines": []}, "TestAssertionWarnings": {"executed_lines": [], "summary": {"covered_lines": 0, "num_statements": 4, "percent_covered": 0.0, "percent_covered_display": "0", "missing_lines": 4, "excluded_lines": 0}, "missing_lines": [606, 609, 615, 616], "excluded_lines": []}, "TestStackLevel": {"executed_lines": [], "summary": {"covered_lines": 0, "num_statements": 39, "percent_covered": 0.0, "percent_covered_display": "0", "missing_lines": 39, "excluded_lines": 0}, "missing_lines": [706, 707, 711, 712, 715, 717, 723, 724, 732, 736, 737, 738, 740, 741, 742, 743, 749, 754, 758, 759, 760, 762, 763, 764, 769, 775, 776, 782, 788, 789, 794, 795, 796, 798, 799, 800, 806, 815, 817], "excluded_lines": []}, "TestStackLevel.capwarn.CapturedWarnings": {"executed_lines": [], "summary": {"covered_lines": 0, "num_statements": 1, "percent_covered": 0.0, "percent_covered_display": "0", "missing_lines": 1, "excluded_lines": 0}, "missing_lines": [713], "excluded_lines": []}, "test_warning_stash_storage.StashChecker": {"executed_lines": [], "summary": {"covered_lines": 0, "num_statements": 1, "percent_covered": 0.0, "percent_covered_display": "0", "missing_lines": 1, "excluded_lines": 0}, "missing_lines": [959], "excluded_lines": []}, "test_catch_warnings_context_manager_directly.MockConfig": {"executed_lines": [1102], "summary": {"covered_lines": 1, "num_statements": 1, "percent_covered": 100.0, "percent_covered_display": "100", "missing_lines": 0, "excluded_lines": 0}, "missing_lines": [], "excluded_lines": []}, "test_catch_warnings_context_manager_directly.MockConfig.MockNamespace": {"executed_lines": [], "summary": {"covered_lines": 0, "num_statements": 0, "percent_covered": 100.0, "percent_covered_display": "100", "missing_lines": 0, "excluded_lines": 0}, "missing_lines": [], "excluded_lines": []}, "test_catch_warnings_context_manager_directly.MockHook": {"executed_lines": [], "summary": {"covered_lines": 0, "num_statements": 0, "percent_covered": 100.0, "percent_covered_display": "100", "missing_lines": 0, "excluded_lines": 0}, "missing_lines": [], "excluded_lines": []}, "test_catch_warnings_context_manager_directly.MockHook.MockWarningHook": {"executed_lines": [1112], "summary": {"covered_lines": 1, "num_statements": 1, "percent_covered": 100.0, "percent_covered_display": "100", "missing_lines": 0, "excluded_lines": 0}, "missing_lines": [], "excluded_lines": []}, "test_catch_warnings_context_manager_directly.MockItem": {"executed_lines": [1118, 1120, 1121, 1124], "summary": {"covered_lines": 4, "num_statements": 4, "percent_covered": 100.0, "percent_covered_display": "100", "missing_lines": 0, "excluded_lines": 0}, "missing_lines": [], "excluded_lines": []}, "test_catch_warnings_with_record_false.MockConfig": {"executed_lines": [], "summary": {"covered_lines": 0, "num_statements": 1, "percent_covered": 0.0, "percent_covered_display": "0", "missing_lines": 1, "excluded_lines": 0}, "missing_lines": [1151], "excluded_lines": []}, "test_catch_warnings_with_record_false.MockConfig.MockNamespace": {"executed_lines": [], "summary": {"covered_lines": 0, "num_statements": 0, "percent_covered": 100.0, "percent_covered_display": "100", "missing_lines": 0, "excluded_lines": 0}, "missing_lines": [], "excluded_lines": []}, "test_catch_warnings_with_record_false.MockHook": {"executed_lines": [], "summary": {"covered_lines": 0, "num_statements": 0, "percent_covered": 100.0, "percent_covered_display": "100", "missing_lines": 0, "excluded_lines": 0}, "missing_lines": [], "excluded_lines": []}, "test_catch_warnings_with_record_false.MockHook.MockWarningHook": {"executed_lines": [], "summary": {"covered_lines": 0, "num_statements": 1, "percent_covered": 0.0, "percent_covered_display": "0", "missing_lines": 1, "excluded_lines": 0}, "missing_lines": [1161], "excluded_lines": []}, "test_catch_warnings_with_record_false.MockItem": {"executed_lines": [], "summary": {"covered_lines": 0, "num_statements": 4, "percent_covered": 0.0, "percent_covered_display": "0", "missing_lines": 4, "excluded_lines": 0}, "missing_lines": [1167, 1169, 1170, 1173], "excluded_lines": []}, "test_catch_warnings_with_sys_warnoptions_set.MockConfig": {"executed_lines": [1207], "summary": {"covered_lines": 1, "num_statements": 1, "percent_covered": 100.0, "percent_covered_display": "100", "missing_lines": 0, "excluded_lines": 0}, "missing_lines": [], "excluded_lines": []}, "test_catch_warnings_with_sys_warnoptions_set.MockConfig.MockNamespace": {"executed_lines": [], "summary": {"covered_lines": 0, "num_statements": 0, "percent_covered": 100.0, "percent_covered_display": "100", "missing_lines": 0, "excluded_lines": 0}, "missing_lines": [], "excluded_lines": []}, "test_catch_warnings_with_sys_warnoptions_set.MockHook": {"executed_lines": [], "summary": {"covered_lines": 0, "num_statements": 0, "percent_covered": 100.0, "percent_covered_display": "100", "missing_lines": 0, "excluded_lines": 0}, "missing_lines": [], "excluded_lines": []}, "test_catch_warnings_with_sys_warnoptions_set.MockHook.MockWarningHook": {"executed_lines": [], "summary": {"covered_lines": 0, "num_statements": 1, "percent_covered": 0.0, "percent_covered_display": "0", "missing_lines": 1, "excluded_lines": 0}, "missing_lines": [1217], "excluded_lines": []}, "test_catch_warnings_with_sys_warnoptions_set.MockItem": {"executed_lines": [1223, 1225, 1226, 1229], "summary": {"covered_lines": 4, "num_statements": 4, "percent_covered": 100.0, "percent_covered_display": "100", "missing_lines": 0, "excluded_lines": 0}, "missing_lines": [], "excluded_lines": []}, "": {"executed_lines": [2, 4, 5, 6, 8, 9, 10, 13, 16, 17, 40, 41, 57, 58, 87, 88, 109, 110, 125, 126, 152, 153, 177, 178, 211, 226, 241, 242, 299, 300, 323, 324, 339, 340, 341, 381, 382, 407, 427, 454, 455, 460, 473, 474, 495, 508, 525, 535, 541, 567, 568, 603, 604, 605, 608, 621, 630, 631, 661, 662, 685, 703, 704, 705, 719, 745, 766, 767, 780, 802, 825, 839, 893, 942, 975, 1016, 1058, 1092, 1094, 1096, 1097, 1100, 1101, 1104, 1105, 1107, 1109, 1110, 1111, 1114, 1116, 1117, 1123, 1126, 1127, 1128, 1131, 1132, 1135, 1136, 1137, 1138, 1141, 1189, 1190, 1194, 1196, 1197, 1202, 1205, 1206, 1209, 1210, 1212, 1214, 1215, 1216, 1219, 1221, 1222, 1228, 1231, 1232, 1233, 1236, 1237, 1240, 1241], "summary": {"covered_lines": 127, "num_statements": 324, "percent_covered": 39.19753086419753, "percent_covered_display": "39", "missing_lines": 197, "excluded_lines": 0}, "missing_lines": [19, 20, 21, 37, 43, 44, 59, 74, 75, 89, 90, 91, 99, 100, 111, 112, 113, 120, 121, 122, 127, 142, 143, 155, 173, 174, 181, 182, 188, 205, 208, 213, 222, 223, 228, 237, 238, 243, 249, 267, 269, 270, 273, 274, 276, 283, 284, 285, 286, 291, 292, 293, 294, 296, 302, 312, 313, 326, 335, 336, 345, 356, 357, 363, 368, 369, 370, 372, 386, 392, 399, 400, 401, 402, 404, 409, 415, 423, 424, 429, 437, 443, 444, 574, 581, 582, 590, 595, 596, 597, 599, 600, 623, 624, 625, 626, 627, 632, 633, 634, 663, 664, 665, 666, 687, 696, 697, 698, 699, 700, 827, 833, 834, 844, 845, 847, 848, 849, 853, 855, 867, 868, 877, 879, 881, 882, 890, 895, 907, 908, 911, 912, 915, 916, 917, 920, 922, 926, 931, 932, 933, 935, 939, 944, 955, 957, 958, 961, 963, 964, 967, 969, 970, 971, 972, 977, 1001, 1011, 1012, 1013, 1018, 1043, 1053, 1054, 1055, 1062, 1065, 1067, 1069, 1070, 1071, 1074, 1077, 1086, 1089, 1143, 1145, 1146, 1149, 1150, 1153, 1154, 1156, 1158, 1159, 1160, 1163, 1165, 1166, 1172, 1175, 1176, 1177, 1181, 1182, 1185, 1186], "excluded_lines": []}}}}, "totals": {"covered_lines": 8052, "num_statements": 17155, "percent_covered": 46.93675313319732, "percent_covered_display": "47", "missing_lines": 9103, "excluded_lines": 569}}
